<?xml version="1.0" encoding="utf-8"?>
<TestRun id="8f3f56d9-586a-4527-9756-09c3f918d6aa" name="@Nkosikazi 2026-04-04 14:21:37" xmlns="http://microsoft.com/schemas/VisualStudio/TeamTest/2010">
  <Times creation="2026-04-04T14:21:37.0131710-07:00" queuing="2026-04-04T14:21:37.0131710-07:00" start="2026-04-04T14:20:13.2413090-07:00" finish="2026-04-04T14:23:59.8979920-07:00" />
  <TestSettings name="default" id="a5259998-bbd3-4050-aee7-cd11fe7dc064">
    <Deployment runDeploymentRoot="_Nkosikazi_2026-04-04_14_21_37" />
  </TestSettings>
  <Results>
    <UnitTestResult executionId="fdbf8362-b09f-448d-bca4-60c67c508240" testId="22397bac-8843-be8c-9b52-981841b885f1" testName="OsLib.Tests.CloudStorageProviderPathTests.RaiFile_CloudFlag_DetectsFilesUnderConfiguredProvider(provider: GoogleDrive)" computerName="Nkosikazi" duration="00:00:00.0002231" startTime="2026-04-04T14:23:58.5792340-07:00" endTime="2026-04-04T14:23:58.5794740-07:00" testType="13cdc9d9-ddb5-4fa4-a97d-d965ccfc6d4b" outcome="Passed" testListId="8c84fa94-04c1-424b-9868-57a2d4851a1d" relativeResultsDirectory="fdbf8362-b09f-448d-bca4-60c67c508240" />
    <UnitTestResult executionId="3756bf6a-7aba-48ba-ae69-6728681edf6a" testId="c3476069-d42c-8ce9-9175-7311c021f1a3" testName="OsLib.Tests.CloudStorageProviderPathTests.GetCloudStorageProviderForPath_ReturnsConfiguredProvider_ForConfiguredRoot(provider: GoogleDrive)" computerName="Nkosikazi" duration="00:00:00.0020137" startTime="2026-04-04T14:23:58.5798530-07:00" endTime="2026-04-04T14:23:58.5818900-07:00" testType="13cdc9d9-ddb5-4fa4-a97d-d965ccfc6d4b" outcome="Passed" testListId="8c84fa94-04c1-424b-9868-57a2d4851a1d" relativeResultsDirectory="3756bf6a-7aba-48ba-ae69-6728681edf6a" />
    <UnitTestResult executionId="2fce075f-f1d8-4f9d-960b-75b508417e08" testId="881fdc08-4417-e79e-a71f-dbda000cf487" testName="OsLib.Tests.PathConventionsTests.RaiPath_CreateFromFullName" computerName="Nkosikazi" duration="00:00:00.0000575" startTime="2026-04-04T14:23:59.3762830-07:00" endTime="2026-04-04T14:23:59.3763540-07:00" testType="13cdc9d9-ddb5-4fa4-a97d-d965ccfc6d4b" outcome="Passed" testListId="8c84fa94-04c1-424b-9868-57a2d4851a1d" relativeResultsDirectory="2fce075f-f1d8-4f9d-960b-75b508417e08" />
    <UnitTestResult executionId="acf510d9-5f04-4048-8a3c-b5a6f7c656fa" testId="8b56287d-0737-c20a-4223-27cb273d1cc3" testName="OsLib.Tests.CliCommandTests.SevenZipCommand_ResolvesAlternateExecutableCandidates" computerName="Nkosikazi" duration="00:00:00.0024252" startTime="2026-04-04T14:23:59.3429580-07:00" endTime="2026-04-04T14:23:59.3454190-07:00" testType="13cdc9d9-ddb5-4fa4-a97d-d965ccfc6d4b" outcome="Passed" testListId="8c84fa94-04c1-424b-9868-57a2d4851a1d" relativeResultsDirectory="acf510d9-5f04-4048-8a3c-b5a6f7c656fa" />
    <UnitTestResult executionId="cbe25b07-26c9-4096-8393-2bbe1c81416a" testId="77347764-0e92-a4dd-3307-1326f9849303" testName="OsLib.Tests.OsEnvironmentPathTests.LocalBackupDir_ReevaluatesAfterExplicitReload_WhenConfigChanges" computerName="Nkosikazi" duration="00:00:00.0045465" startTime="2026-04-04T14:23:54.1714780-07:00" endTime="2026-04-04T14:23:54.1760740-07:00" testType="13cdc9d9-ddb5-4fa4-a97d-d965ccfc6d4b" outcome="Passed" testListId="8c84fa94-04c1-424b-9868-57a2d4851a1d" relativeResultsDirectory="cbe25b07-26c9-4096-8393-2bbe1c81416a" />
    <UnitTestResult executionId="9326755d-7d10-44d5-bbe3-1867d3b89d60" testId="1dff361a-f3bb-4ad8-d5cc-8278aaddc4e0" testName="OsLib.Tests.CloudStorageProviderPathTests.RaiFile_CloudFlag_DetectsFilesUnderConfiguredProvider(provider: OneDrive)" computerName="Nkosikazi" duration="00:00:00.0000648" startTime="2026-04-04T14:23:58.5795920-07:00" endTime="2026-04-04T14:23:58.5796870-07:00" testType="13cdc9d9-ddb5-4fa4-a97d-d965ccfc6d4b" outcome="Passed" testListId="8c84fa94-04c1-424b-9868-57a2d4851a1d" relativeResultsDirectory="9326755d-7d10-44d5-bbe3-1867d3b89d60" />
    <UnitTestResult executionId="c0090bfb-428c-4524-838d-84bf86dd01a5" testId="25c1b844-e2c3-c327-4015-bc6ee4202836" testName="OsLib.Tests.OsEnvironmentPathTests.GetObserverSshTarget_ReadsFromUpdatedConfig_AfterEnvironmentSwitch" computerName="Nkosikazi" duration="00:00:00.0044730" startTime="2026-04-04T14:23:54.1903970-07:00" endTime="2026-04-04T14:23:54.1949070-07:00" testType="13cdc9d9-ddb5-4fa4-a97d-d965ccfc6d4b" outcome="Passed" testListId="8c84fa94-04c1-424b-9868-57a2d4851a1d" relativeResultsDirectory="c0090bfb-428c-4524-838d-84bf86dd01a5" />
    <UnitTestResult executionId="3456578e-5242-41ed-a508-4bd6f1da038e" testId="4c804e19-33b6-b0c6-1c95-e5da2365f499" testName="OsLib.Tests.CloudStorageProviderPathTests.RaiFile_CloudFlag_DetectsFilesUnderConfiguredProvider(provider: Dropbox)" computerName="Nkosikazi" duration="00:00:00.0013574" startTime="2026-04-04T14:23:58.5776760-07:00" endTime="2026-04-04T14:23:58.5790840-07:00" testType="13cdc9d9-ddb5-4fa4-a97d-d965ccfc6d4b" outcome="Passed" testListId="8c84fa94-04c1-424b-9868-57a2d4851a1d" relativeResultsDirectory="3456578e-5242-41ed-a508-4bd6f1da038e" />
    <UnitTestResult executionId="7c74de65-a3e3-4067-a8b7-06c9f93117e8" testId="f3314636-ba40-ff10-66dc-4667b9a0e08f" testName="OsLib.Tests.RaiTildeResolutionTests.RaiFile_And_RaiPath_Parse_ConfigPath_From_RealHomeDirectory" computerName="Nkosikazi" duration="00:00:00.0002287" startTime="2026-04-04T14:23:59.0670800-07:00" endTime="2026-04-04T14:23:59.0673310-07:00" testType="13cdc9d9-ddb5-4fa4-a97d-d965ccfc6d4b" outcome="Passed" testListId="8c84fa94-04c1-424b-9868-57a2d4851a1d" relativeResultsDirectory="7c74de65-a3e3-4067-a8b7-06c9f93117e8" />
    <UnitTestResult executionId="07654f37-b5ef-42f2-8f12-9bb60b7da101" testId="186cb143-296c-84f3-9259-a2dd2e244c99" testName="OsLib.Tests.CloudStorageAgreementMechanicsTests.GetCloudStorageRoots_UsesConfiguredDefaultUserConfig" computerName="Nkosikazi" duration="00:00:00.0026072" startTime="2026-04-04T14:23:58.7079630-07:00" endTime="2026-04-04T14:23:58.7105980-07:00" testType="13cdc9d9-ddb5-4fa4-a97d-d965ccfc6d4b" outcome="Passed" testListId="8c84fa94-04c1-424b-9868-57a2d4851a1d" relativeResultsDirectory="07654f37-b5ef-42f2-8f12-9bb60b7da101" />
    <UnitTestResult executionId="2a10f7e5-3593-401d-9710-65ad3499bd2f" testId="9ce59075-3644-8347-fbb6-4ddf22089f9a" testName="OsLib.Tests.PathConventionsTests.RaiPath_Rmdir_RemovesDirectoryTree" computerName="Nkosikazi" duration="00:00:00.0016999" startTime="2026-04-04T14:23:59.3706110-07:00" endTime="2026-04-04T14:23:59.3723430-07:00" testType="13cdc9d9-ddb5-4fa4-a97d-d965ccfc6d4b" outcome="Passed" testListId="8c84fa94-04c1-424b-9868-57a2d4851a1d" relativeResultsDirectory="2a10f7e5-3593-401d-9710-65ad3499bd2f" />
    <UnitTestResult executionId="b1e196d2-f17f-48a7-a153-e6d71f8c2242" testId="6e0da2f6-14fd-7552-2740-7c604b751e35" testName="OsLib.Tests.OsLibTests.Os_Type_UsesRuntimePlatformDetection" computerName="Nkosikazi" duration="00:00:00.0013800" startTime="2026-04-04T14:23:59.6964380-07:00" endTime="2026-04-04T14:23:59.6978370-07:00" testType="13cdc9d9-ddb5-4fa4-a97d-d965ccfc6d4b" outcome="Passed" testListId="8c84fa94-04c1-424b-9868-57a2d4851a1d" relativeResultsDirectory="b1e196d2-f17f-48a7-a153-e6d71f8c2242" />
    <UnitTestResult executionId="c40f2703-292f-4745-a4b3-501994c2ca07" testId="a4b89e03-2f4e-bcbc-5759-c68e22e818ad" testName="OsLib.Tests.CloudStorageAgreementMechanicsTests.LocalBackupDir_UsesExplicitNonCloudConfigValue" computerName="Nkosikazi" duration="00:00:00.0028366" startTime="2026-04-04T14:23:58.7317410-07:00" endTime="2026-04-04T14:23:58.7346080-07:00" testType="13cdc9d9-ddb5-4fa4-a97d-d965ccfc6d4b" outcome="Passed" testListId="8c84fa94-04c1-424b-9868-57a2d4851a1d" relativeResultsDirectory="c40f2703-292f-4745-a4b3-501994c2ca07" />
    <UnitTestResult executionId="0e16ca81-0b07-41ae-8747-ef4252ec89d7" testId="179e9a82-9c37-dfee-f24f-b7b997378936" testName="OsLib.Tests.RemoteSshRealEnvironmentTests.Mzansi_RemoteConfig_Matches_Blueprint_When_Observer_Is_Configured" computerName="Nkosikazi" duration="00:00:00.0089035" startTime="2026-04-04T14:23:59.3458640-07:00" endTime="2026-04-04T14:23:59.3698590-07:00" testType="13cdc9d9-ddb5-4fa4-a97d-d965ccfc6d4b" outcome="Failed" testListId="8c84fa94-04c1-424b-9868-57a2d4851a1d" relativeResultsDirectory="0e16ca81-0b07-41ae-8747-ef4252ec89d7">
      <Output>
        <ErrorInfo>
          <Message>Assert.Equal() Failure: Strings differ
           ↓ (pos 0)
Expected: "~/temp/"
Actual:   "/tmp/RAIkeep/"
           ↑ (pos 0)</Message>
          <StackTrace>   at OsLib.Tests.RemoteSshRealEnvironmentTests.Mzansi_RemoteConfig_Matches_Blueprint_When_Observer_Is_Configured() in /Users/RSB/Projects/GitHub/RAIkeep/OsLib/OsLib.Tests/RemoteSshRealEnvironmentTests.cs:line 27
   at System.Reflection.MethodBaseInvoker.InterpretedInvoke_Method(Object obj, IntPtr* args)
   at System.Reflection.MethodBaseInvoker.InvokeWithNoArgs(Object obj, BindingFlags invokeAttr)</StackTrace>
        </ErrorInfo>
      </Output>
    </UnitTestResult>
    <UnitTestResult executionId="9f8a0119-9c29-4bad-9819-4695645b7154" testId="b0a25160-64ff-190d-bbaa-26e5e6c2f359" testName="OsLib.Tests.CloudStoragePathMechanicsTests.GetCloudStorageProviderForPath_ReturnsConfiguredProvider_ForEachProvider(provider: OneDrive, dirName: &quot;OneDriveRoot&quot;)" computerName="Nkosikazi" duration="00:00:00.0030399" startTime="2026-04-04T14:23:58.5996590-07:00" endTime="2026-04-04T14:23:58.6027590-07:00" testType="13cdc9d9-ddb5-4fa4-a97d-d965ccfc6d4b" outcome="Passed" testListId="8c84fa94-04c1-424b-9868-57a2d4851a1d" relativeResultsDirectory="9f8a0119-9c29-4bad-9819-4695645b7154" />
    <UnitTestResult executionId="2c422d79-12e0-408e-9c01-38c4f75d8818" testId="7739b569-df59-2fd0-8fe6-c7600ae91ae3" testName="OsLib.Tests.PathConventionsTests.PathConventionType_Contains_ExpectedMembers" computerName="Nkosikazi" duration="00:00:00.0013517" startTime="2026-04-04T14:23:59.3747700-07:00" endTime="2026-04-04T14:23:59.3761400-07:00" testType="13cdc9d9-ddb5-4fa4-a97d-d965ccfc6d4b" outcome="Passed" testListId="8c84fa94-04c1-424b-9868-57a2d4851a1d" relativeResultsDirectory="2c422d79-12e0-408e-9c01-38c4f75d8818" />
    <UnitTestResult executionId="bb437ad2-dd40-44ab-acd3-d92aba512e53" testId="2c1aea78-9c81-5c71-8788-85506c74c8ba" testName="OsLib.Tests.CloudStorageAgreementMechanicsTests.Backup_PreservesExistingLocalPathShaping_ForNonCloudFiles" computerName="Nkosikazi" duration="00:00:00.0051383" startTime="2026-04-04T14:23:58.7263330-07:00" endTime="2026-04-04T14:23:58.7315070-07:00" testType="13cdc9d9-ddb5-4fa4-a97d-d965ccfc6d4b" outcome="Passed" testListId="8c84fa94-04c1-424b-9868-57a2d4851a1d" relativeResultsDirectory="bb437ad2-dd40-44ab-acd3-d92aba512e53" />
    <UnitTestResult executionId="90fab821-9fea-4a8a-8b53-e4cd0c5a15e2" testId="4d82ee65-5101-6801-2157-5ed6cc882a7e" testName="OsLib.Tests.CloudRemoteSyncTests.TextFile_SyncsWithMzansi(provider: OneDrive)" computerName="Nkosikazi" duration="00:01:38.7758658" startTime="2026-04-04T14:21:36.9925970-07:00" endTime="2026-04-04T14:23:15.7685630-07:00" testType="13cdc9d9-ddb5-4fa4-a97d-d965ccfc6d4b" outcome="Passed" testListId="8c84fa94-04c1-424b-9868-57a2d4851a1d" relativeResultsDirectory="90fab821-9fea-4a8a-8b53-e4cd0c5a15e2" />
    <UnitTestResult executionId="567ff31b-88e0-415a-b1dc-8106bdc7ef34" testId="814eec5c-85e2-bc96-ed9f-234ba6f52ed8" testName="OsLib.Tests.CloudStorageConfigMechanicsTests.GetCloudStorageRoots_UsesConfiguredRoots_FromConfig" computerName="Nkosikazi" duration="00:00:00.0043308" startTime="2026-04-04T14:23:58.6637990-07:00" endTime="2026-04-04T14:23:58.6681560-07:00" testType="13cdc9d9-ddb5-4fa4-a97d-d965ccfc6d4b" outcome="Passed" testListId="8c84fa94-04c1-424b-9868-57a2d4851a1d" relativeResultsDirectory="567ff31b-88e0-415a-b1dc-8106bdc7ef34" />
    <UnitTestResult executionId="d7f13763-3b6c-4100-8d22-26c8ee1875f6" testId="859fe216-e3b9-f85b-10bd-28d66386ab26" testName="OsLib.Tests.OsEnvironmentPathTests.GetObserverSshTarget_ThrowsWhenObserverNotConfigured" computerName="Nkosikazi" duration="00:00:00.0040612" startTime="2026-04-04T14:23:54.1860740-07:00" endTime="2026-04-04T14:23:54.1901790-07:00" testType="13cdc9d9-ddb5-4fa4-a97d-d965ccfc6d4b" outcome="Passed" testListId="8c84fa94-04c1-424b-9868-57a2d4851a1d" relativeResultsDirectory="d7f13763-3b6c-4100-8d22-26c8ee1875f6" />
    <UnitTestResult executionId="3a947872-0bde-4bdc-b3ab-0732e34c4f1e" testId="d819d73e-efb8-275f-5e34-796ce0267b29" testName="OsLib.Tests.PathConventionsTests.CanonicalFile_WithoutExtension" computerName="Nkosikazi" duration="00:00:00.0003365" startTime="2026-04-04T14:23:59.3772370-07:00" endTime="2026-04-04T14:23:59.3775840-07:00" testType="13cdc9d9-ddb5-4fa4-a97d-d965ccfc6d4b" outcome="Passed" testListId="8c84fa94-04c1-424b-9868-57a2d4851a1d" relativeResultsDirectory="3a947872-0bde-4bdc-b3ab-0732e34c4f1e" />
    <UnitTestResult executionId="ebedc919-3f4d-4542-a56e-0204a9710d11" testId="9253bc18-c26c-ce87-e307-041a866b1d58" testName="OsLib.Tests.OsLibTests.FileInfo_AcceptsForwardSlashPath_OnWindows" computerName="Nkosikazi" duration="00:00:00.0001135" startTime="2026-04-04T14:23:59.6942510-07:00" endTime="2026-04-04T14:23:59.6943810-07:00" testType="13cdc9d9-ddb5-4fa4-a97d-d965ccfc6d4b" outcome="Passed" testListId="8c84fa94-04c1-424b-9868-57a2d4851a1d" relativeResultsDirectory="ebedc919-3f4d-4542-a56e-0204a9710d11" />
    <UnitTestResult executionId="4256399b-5d22-45a3-8c72-457b6cd6b373" testId="6fcbaaad-008f-58b7-4444-f4cf7aa691ea" testName="OsLib.Tests.OsLibTests.RaiFile_Move_NoBackup_RemovesBakFile" computerName="Nkosikazi" duration="00:00:00.0012714" startTime="2026-04-04T14:23:59.4452920-07:00" endTime="2026-04-04T14:23:59.4465840-07:00" testType="13cdc9d9-ddb5-4fa4-a97d-d965ccfc6d4b" outcome="Passed" testListId="8c84fa94-04c1-424b-9868-57a2d4851a1d" relativeResultsDirectory="4256399b-5d22-45a3-8c72-457b6cd6b373" />
    <UnitTestResult executionId="3d5b2720-a77b-436b-9bd5-54aedc73b58a" testId="f50aefb6-beaf-6ee8-870e-e64fd40927c8" testName="OsLib.Tests.CloudStorageConfigMechanicsTests.GetCloudStorageRoots_PrefersConfiguredProviderValue_WithoutProbeFallback(provider: GoogleDrive, configuredDirName: &quot;ConfiguredGoogleDrive&quot;, discoveredDirName: &quot;Google Drive&quot;)" computerName="Nkosikazi" duration="00:00:00.0025471" startTime="2026-04-04T14:23:58.6480920-07:00" endTime="2026-04-04T14:23:58.6506830-07:00" testType="13cdc9d9-ddb5-4fa4-a97d-d965ccfc6d4b" outcome="Passed" testListId="8c84fa94-04c1-424b-9868-57a2d4851a1d" relativeResultsDirectory="3d5b2720-a77b-436b-9bd5-54aedc73b58a" />
    <UnitTestResult executionId="0fc4acce-9aec-4061-82c8-765fb5d60eb9" testId="257c992a-a3da-45ff-b79d-e830d36a2789" testName="OsLib.Tests.CloudStorageAgreementTests.RaiFile_UsesConfiguredProviderRoot_ForCloudAwareFlag(provider: GoogleDrive)" computerName="Nkosikazi" duration="00:00:00.0001717" startTime="2026-04-04T14:23:58.6726780-07:00" endTime="2026-04-04T14:23:58.6728690-07:00" testType="13cdc9d9-ddb5-4fa4-a97d-d965ccfc6d4b" outcome="Passed" testListId="8c84fa94-04c1-424b-9868-57a2d4851a1d" relativeResultsDirectory="0fc4acce-9aec-4061-82c8-765fb5d60eb9" />
    <UnitTestResult executionId="fd62de97-8eba-4e88-a4e7-cd341d3689c2" testId="b4d08c3f-fff6-c011-5159-978e587a238e" testName="OsLib.Tests.PathConventionsTests.CanonicalFile_AlreadyCanonical_StaysCanonical" computerName="Nkosikazi" duration="00:00:00.0011577" startTime="2026-04-04T14:23:59.3777200-07:00" endTime="2026-04-04T14:23:59.3788960-07:00" testType="13cdc9d9-ddb5-4fa4-a97d-d965ccfc6d4b" outcome="Passed" testListId="8c84fa94-04c1-424b-9868-57a2d4851a1d" relativeResultsDirectory="fd62de97-8eba-4e88-a4e7-cd341d3689c2" />
    <UnitTestResult executionId="41f0a694-786f-43aa-b94b-e8c5437ba65f" testId="8df8b092-1492-275d-dd1a-53dcbc31d063" testName="OsLib.Tests.RaiTildeResolutionTests.RaiFile_And_RaiPath_Expand_Directory_Shorthand_Consistently" computerName="Nkosikazi" duration="00:00:00.0014303" startTime="2026-04-04T14:23:59.0674130-07:00" endTime="2026-04-04T14:23:59.0688800-07:00" testType="13cdc9d9-ddb5-4fa4-a97d-d965ccfc6d4b" outcome="Passed" testListId="8c84fa94-04c1-424b-9868-57a2d4851a1d" relativeResultsDirectory="41f0a694-786f-43aa-b94b-e8c5437ba65f" />
    <UnitTestResult executionId="143d5bca-3009-4914-811b-09177dbefa90" testId="22218a28-f810-9792-86e9-236a9e90efac" testName="OsLib.Tests.OsLibTests.Os_DirSeparator_MatchesSystemDirectorySeparatorChar" computerName="Nkosikazi" duration="00:00:00.0001368" startTime="2026-04-04T14:23:59.4467380-07:00" endTime="2026-04-04T14:23:59.4468890-07:00" testType="13cdc9d9-ddb5-4fa4-a97d-d965ccfc6d4b" outcome="Passed" testListId="8c84fa94-04c1-424b-9868-57a2d4851a1d" relativeResultsDirectory="143d5bca-3009-4914-811b-09177dbefa90" />
    <UnitTestResult executionId="d27bfac9-ca72-40c8-b09f-eda68534a810" testId="c22f6523-fb91-105d-ab5f-eabe130e5d49" testName="OsLib.Tests.CloudStoragePathMechanicsTests.GetCloudStorageRoot_UsesConfiguredRoot_ForEachProvider(provider: GoogleDrive, dirName: &quot;GoogleDriveRoot&quot;)" computerName="Nkosikazi" duration="00:00:00.0029519" startTime="2026-04-04T14:23:58.6088390-07:00" endTime="2026-04-04T14:23:58.6118290-07:00" testType="13cdc9d9-ddb5-4fa4-a97d-d965ccfc6d4b" outcome="Passed" testListId="8c84fa94-04c1-424b-9868-57a2d4851a1d" relativeResultsDirectory="d27bfac9-ca72-40c8-b09f-eda68534a810" />
    <UnitTestResult executionId="d43df2cd-f5bd-41d7-bdd5-aea3352a762c" testId="8351d39e-1e62-b600-ba24-148df8a8e557" testName="OsLib.Tests.CloudRemoteSyncTests.TextFile_SyncsWithMzansi(provider: Dropbox)" computerName="Nkosikazi" duration="00:00:38.3666609" startTime="2026-04-04T14:23:15.7691750-07:00" endTime="2026-04-04T14:23:54.1367020-07:00" testType="13cdc9d9-ddb5-4fa4-a97d-d965ccfc6d4b" outcome="Passed" testListId="8c84fa94-04c1-424b-9868-57a2d4851a1d" relativeResultsDirectory="d43df2cd-f5bd-41d7-bdd5-aea3352a762c" />
    <UnitTestResult executionId="1efb9825-71aa-4b67-803e-de4c3ad834ff" testId="e40b1119-dce7-1873-7a0e-5e6af30b2a49" testName="OsLib.Tests.ConfiguredCloudStorageRootTests.GetCloudStorageRoot_ReturnsConfiguredProviderRoot_WhenAvailable(provider: Dropbox)" computerName="Nkosikazi" duration="00:00:00.0001016" startTime="2026-04-04T14:23:58.6317740-07:00" endTime="2026-04-04T14:23:58.6318860-07:00" testType="13cdc9d9-ddb5-4fa4-a97d-d965ccfc6d4b" outcome="Passed" testListId="8c84fa94-04c1-424b-9868-57a2d4851a1d" relativeResultsDirectory="1efb9825-71aa-4b67-803e-de4c3ad834ff" />
    <UnitTestResult executionId="dcfea631-9f00-4d7f-94a5-f59a3297adda" testId="9570fe76-4dbc-5147-5c54-3f21eb163cf4" testName="OsLib.Tests.OsConfigurationDiagnosticsTests.LocalBackupDir_FallsBackWithLogWarning_ButNoConsole_WhenConfigIsValid" computerName="Nkosikazi" duration="00:00:00.0025558" startTime="2026-04-04T14:23:58.6794090-07:00" endTime="2026-04-04T14:23:58.6819870-07:00" testType="13cdc9d9-ddb5-4fa4-a97d-d965ccfc6d4b" outcome="Passed" testListId="8c84fa94-04c1-424b-9868-57a2d4851a1d" relativeResultsDirectory="dcfea631-9f00-4d7f-94a5-f59a3297adda" />
    <UnitTestResult executionId="c041a1c2-1b4a-45e8-bf9f-d38340d47f7e" testId="e96f785f-ec78-1d9d-b32a-105fe73f348f" testName="OsLib.Tests.CloudStoragePathMechanicsTests.RaiFile_CloudFlag_DetectsFilesUnderConfiguredProvider(provider: OneDrive, dirName: &quot;OneDriveRoot&quot;)" computerName="Nkosikazi" duration="00:00:00.0047557" startTime="2026-04-04T14:23:58.5827350-07:00" endTime="2026-04-04T14:23:58.5875690-07:00" testType="13cdc9d9-ddb5-4fa4-a97d-d965ccfc6d4b" outcome="Passed" testListId="8c84fa94-04c1-424b-9868-57a2d4851a1d" relativeResultsDirectory="c041a1c2-1b4a-45e8-bf9f-d38340d47f7e" />
    <UnitTestResult executionId="cf96b415-243c-4f9e-a33f-b1f30830d269" testId="a731e196-973c-1b70-17ef-3105e7c017d4" testName="OsLib.Tests.CloudStoragePathMechanicsTests.GetCloudStorageProviderForPath_ReturnsConfiguredProvider_ForEachProvider(provider: Dropbox, dirName: &quot;DropboxRoot&quot;)" computerName="Nkosikazi" duration="00:00:00.0027966" startTime="2026-04-04T14:23:58.6030010-07:00" endTime="2026-04-04T14:23:58.6058470-07:00" testType="13cdc9d9-ddb5-4fa4-a97d-d965ccfc6d4b" outcome="Passed" testListId="8c84fa94-04c1-424b-9868-57a2d4851a1d" relativeResultsDirectory="cf96b415-243c-4f9e-a33f-b1f30830d269" />
    <UnitTestResult executionId="59e560dc-2cda-4e6f-9797-df63395f650d" testId="bc231df1-38da-c9a3-d1d3-128baf0b01d7" testName="OsLib.Tests.OsEnvironmentPathTests.GetObserverSshTarget_ReturnsConfiguredValue" computerName="Nkosikazi" duration="00:00:00.0026997" startTime="2026-04-04T14:23:54.1664370-07:00" endTime="2026-04-04T14:23:54.1691790-07:00" testType="13cdc9d9-ddb5-4fa4-a97d-d965ccfc6d4b" outcome="Passed" testListId="8c84fa94-04c1-424b-9868-57a2d4851a1d" relativeResultsDirectory="59e560dc-2cda-4e6f-9797-df63395f650d" />
    <UnitTestResult executionId="56de581a-fe9e-437d-a2dd-9c467a1373fa" testId="d6665e22-5624-6442-48d5-2894dee2c184" testName="OsLib.Tests.CloudStorageConfigMechanicsTests.GetCloudStorageRoots_PrefersConfiguredProviderValue_WithoutProbeFallback(provider: OneDrive, configuredDirName: &quot;ConfiguredOneDrive&quot;, discoveredDirName: &quot;OneDrive - Personal&quot;)" computerName="Nkosikazi" duration="00:00:00.0046291" startTime="2026-04-04T14:23:58.6431320-07:00" endTime="2026-04-04T14:23:58.6477970-07:00" testType="13cdc9d9-ddb5-4fa4-a97d-d965ccfc6d4b" outcome="Passed" testListId="8c84fa94-04c1-424b-9868-57a2d4851a1d" relativeResultsDirectory="56de581a-fe9e-437d-a2dd-9c467a1373fa" />
    <UnitTestResult executionId="9d0583a0-ac48-43fe-933b-392828fccd30" testId="d9e6f1e1-2dd4-9a40-4c43-c902d0c01d00" testName="OsLib.Tests.CloudStorageConfigMechanicsTests.LoadConfig_LoadsConfiguredJsonConfiguration" computerName="Nkosikazi" duration="00:00:00.0027153" startTime="2026-04-04T14:23:58.6509070-07:00" endTime="2026-04-04T14:23:58.6536600-07:00" testType="13cdc9d9-ddb5-4fa4-a97d-d965ccfc6d4b" outcome="Passed" testListId="8c84fa94-04c1-424b-9868-57a2d4851a1d" relativeResultsDirectory="9d0583a0-ac48-43fe-933b-392828fccd30" />
    <UnitTestResult executionId="d63ae1d6-967b-4541-96e8-725cb832256b" testId="5716fc35-b9c5-afd9-32da-34a9d55068e0" testName="OsLib.Tests.CloudStorageConfigMechanicsTests.LoadConfig_DoesNotCreateConfigFile_WhenMissing_AndReturnsFallbackDefaults" computerName="Nkosikazi" duration="00:00:00.0031879" startTime="2026-04-04T14:23:58.6324230-07:00" endTime="2026-04-04T14:23:58.6356320-07:00" testType="13cdc9d9-ddb5-4fa4-a97d-d965ccfc6d4b" outcome="Passed" testListId="8c84fa94-04c1-424b-9868-57a2d4851a1d" relativeResultsDirectory="d63ae1d6-967b-4541-96e8-725cb832256b" />
    <UnitTestResult executionId="15af8147-af95-40bd-9d93-18fe14a41137" testId="81bc9b3f-b684-aab2-d31c-43ae7e7af9d1" testName="OsLib.Tests.CloudStorageAgreementMechanicsTests.Backup_StripsConfiguredCloudRoot_FromBackupTargetPath(provider: GoogleDrive, rootName: &quot;GoogleDriveRoot&quot;)" computerName="Nkosikazi" duration="00:00:00.0033440" startTime="2026-04-04T14:23:58.7013100-07:00" endTime="2026-04-04T14:23:58.7046840-07:00" testType="13cdc9d9-ddb5-4fa4-a97d-d965ccfc6d4b" outcome="Passed" testListId="8c84fa94-04c1-424b-9868-57a2d4851a1d" relativeResultsDirectory="15af8147-af95-40bd-9d93-18fe14a41137" />
    <UnitTestResult executionId="412e5158-34d2-404c-9116-8576922b5a43" testId="7ca4d989-7a26-8cf1-9d1c-ee41b9ca5bd9" testName="OsLib.Tests.OsLibTests.RaiSystem_Exec_CapturesOutput" computerName="Nkosikazi" duration="00:00:00.0300960" startTime="2026-04-04T14:23:59.4111010-07:00" endTime="2026-04-04T14:23:59.4412480-07:00" testType="13cdc9d9-ddb5-4fa4-a97d-d965ccfc6d4b" outcome="Passed" testListId="8c84fa94-04c1-424b-9868-57a2d4851a1d" relativeResultsDirectory="412e5158-34d2-404c-9116-8576922b5a43" />
    <UnitTestResult executionId="ffebcfac-1618-4502-8b02-5594821b99fd" testId="c9cf67af-165a-0b3a-cb40-ae198c45a362" testName="OsLib.Tests.CloudStorageConfigMechanicsTests.GetPreferredCloudStorageRoot_RespectsPreferredOrder" computerName="Nkosikazi" duration="00:00:00.0024913" startTime="2026-04-04T14:23:58.6611150-07:00" endTime="2026-04-04T14:23:58.6636320-07:00" testType="13cdc9d9-ddb5-4fa4-a97d-d965ccfc6d4b" outcome="Passed" testListId="8c84fa94-04c1-424b-9868-57a2d4851a1d" relativeResultsDirectory="ffebcfac-1618-4502-8b02-5594821b99fd" />
    <UnitTestResult executionId="8333e0f5-908a-4dfc-86d7-e05fe0467d49" testId="1989cbd7-19a8-5912-4d7b-c9f4319e80ec" testName="OsLib.Tests.PathConventionsTests.CanonicalFile_ConstructedFromFlatFile_CanonicalizesPathAndCreatesDestination" computerName="Nkosikazi" duration="00:00:00.0003478" startTime="2026-04-04T14:23:59.3767730-07:00" endTime="2026-04-04T14:23:59.3771340-07:00" testType="13cdc9d9-ddb5-4fa4-a97d-d965ccfc6d4b" outcome="Passed" testListId="8c84fa94-04c1-424b-9868-57a2d4851a1d" relativeResultsDirectory="8333e0f5-908a-4dfc-86d7-e05fe0467d49" />
    <UnitTestResult executionId="8393a102-a2a6-4c23-a8d0-89808c428df7" testId="d7585d17-3860-2d94-d808-d48e55b5f8d4" testName="OsLib.Tests.RemoteSshTests.Mzansi_GoogleDrive_Root_Is_Readable_From_Remote_OsConfig" computerName="Nkosikazi" duration="00:00:03.4986540" startTime="2026-04-04T14:23:55.0781270-07:00" endTime="2026-04-04T14:23:58.5770150-07:00" testType="13cdc9d9-ddb5-4fa4-a97d-d965ccfc6d4b" outcome="Passed" testListId="8c84fa94-04c1-424b-9868-57a2d4851a1d" relativeResultsDirectory="8393a102-a2a6-4c23-a8d0-89808c428df7" />
    <UnitTestResult executionId="eb9dcdb7-a031-4766-9e52-fd291a0b49f3" testId="5c3d48f3-c8b7-0f55-eb87-e650cdd893fb" testName="OsLib.Tests.CloudStorageRealWorldIntegrationTests.TextFile_SaveAndRead_WorksAgainstRealWritableCloudProvider(provider: GoogleDrive)" computerName="Nkosikazi" duration="00:00:00.0009624" startTime="2026-04-04T14:23:58.6297850-07:00" endTime="2026-04-04T14:23:58.6307610-07:00" testType="13cdc9d9-ddb5-4fa4-a97d-d965ccfc6d4b" outcome="Passed" testListId="8c84fa94-04c1-424b-9868-57a2d4851a1d" relativeResultsDirectory="eb9dcdb7-a031-4766-9e52-fd291a0b49f3" />
    <UnitTestResult executionId="3bfc922a-cd79-4a2a-b133-856f3c0cc04b" testId="f0a90932-7633-bf74-da70-db9bc677fe2e" testName="OsLib.Tests.CloudStorageProviderPathTests.GetCloudStorageProviderForPath_ReturnsConfiguredProvider_ForConfiguredRoot(provider: Dropbox)" computerName="Nkosikazi" duration="00:00:00.0000463" startTime="2026-04-04T14:23:58.5823470-07:00" endTime="2026-04-04T14:23:58.5824150-07:00" testType="13cdc9d9-ddb5-4fa4-a97d-d965ccfc6d4b" outcome="Passed" testListId="8c84fa94-04c1-424b-9868-57a2d4851a1d" relativeResultsDirectory="3bfc922a-cd79-4a2a-b133-856f3c0cc04b" />
    <UnitTestResult executionId="d64da7f6-44f4-43d6-93b0-0e786b93c1aa" testId="ea1cb55b-037b-271b-ed20-761b715aa28f" testName="OsLib.Tests.OsLibTests.RaiFile_Move_KeepBackup_CreatesBakFile" computerName="Nkosikazi" duration="00:00:00.0025410" startTime="2026-04-04T14:23:59.8565020-07:00" endTime="2026-04-04T14:23:59.8590750-07:00" testType="13cdc9d9-ddb5-4fa4-a97d-d965ccfc6d4b" outcome="Passed" testListId="8c84fa94-04c1-424b-9868-57a2d4851a1d" relativeResultsDirectory="d64da7f6-44f4-43d6-93b0-0e786b93c1aa" />
    <UnitTestResult executionId="e146bbdc-5c50-46dc-84a6-996b4ba80f24" testId="5a3e9930-6ce4-db3e-bb05-5d4aa4442a63" testName="OsLib.Tests.OsEnvironmentPathTests.LocalBackupDir_ExpandsTildeConfigValue_ToHomeDirectory" computerName="Nkosikazi" duration="00:00:00.0061226" startTime="2026-04-04T14:23:54.1519790-07:00" endTime="2026-04-04T14:23:54.1581480-07:00" testType="13cdc9d9-ddb5-4fa4-a97d-d965ccfc6d4b" outcome="Passed" testListId="8c84fa94-04c1-424b-9868-57a2d4851a1d" relativeResultsDirectory="e146bbdc-5c50-46dc-84a6-996b4ba80f24" />
    <UnitTestResult executionId="faba3956-c21e-41b6-83e1-640a9842a1b6" testId="d24a5a14-f690-4244-39ed-0788265108f7" testName="OsLib.Tests.CloudStorageRealWorldIntegrationTests.RaiFile_RoundTrip_WorksAgainstRealWritableCloudProvider(provider: Dropbox)" computerName="Nkosikazi" duration="00:00:00.0020108" startTime="2026-04-04T14:23:58.6243630-07:00" endTime="2026-04-04T14:23:58.6264090-07:00" testType="13cdc9d9-ddb5-4fa4-a97d-d965ccfc6d4b" outcome="Passed" testListId="8c84fa94-04c1-424b-9868-57a2d4851a1d" relativeResultsDirectory="faba3956-c21e-41b6-83e1-640a9842a1b6" />
    <UnitTestResult executionId="ab155f79-fd01-4e77-b67c-c260aa323fd6" testId="4598b2b8-34de-7b4f-67d2-68abd39805f9" testName="OsLib.Tests.OsLibTests.RaiFile_CopyMoveRemove_WorksOnDisk" computerName="Nkosikazi" duration="00:00:00.0016300" startTime="2026-04-04T14:23:59.6898890-07:00" endTime="2026-04-04T14:23:59.6915630-07:00" testType="13cdc9d9-ddb5-4fa4-a97d-d965ccfc6d4b" outcome="Passed" testListId="8c84fa94-04c1-424b-9868-57a2d4851a1d" relativeResultsDirectory="ab155f79-fd01-4e77-b67c-c260aa323fd6" />
    <UnitTestResult executionId="7a797515-a713-4e0a-86b8-35b926207d82" testId="9bcafa98-93a1-3881-e7ae-1a8e531de1d4" testName="OsLib.Tests.OsLibTests.RaiSystem_CommandAndArgsConstructor_SupportsExecutablePathsWithSpaces" computerName="Nkosikazi" duration="00:00:00.2395183" startTime="2026-04-04T14:23:59.4478470-07:00" endTime="2026-04-04T14:23:59.6874090-07:00" testType="13cdc9d9-ddb5-4fa4-a97d-d965ccfc6d4b" outcome="Passed" testListId="8c84fa94-04c1-424b-9868-57a2d4851a1d" relativeResultsDirectory="7a797515-a713-4e0a-86b8-35b926207d82" />
    <UnitTestResult executionId="7d314573-792a-4e8f-b0dc-56ae6204d8aa" testId="2bcc3c7e-51ef-36aa-06f6-57ea6254ba07" testName="OsLib.Tests.OsEnvironmentPathTests.LocalBackupDir_PrefersConfiguredValue_OverLocalApplicationDataCandidate" computerName="Nkosikazi" duration="00:00:00.0025869" startTime="2026-04-04T14:23:54.1635640-07:00" endTime="2026-04-04T14:23:54.1661820-07:00" testType="13cdc9d9-ddb5-4fa4-a97d-d965ccfc6d4b" outcome="Passed" testListId="8c84fa94-04c1-424b-9868-57a2d4851a1d" relativeResultsDirectory="7d314573-792a-4e8f-b0dc-56ae6204d8aa" />
    <UnitTestResult executionId="4e98ce3f-0e68-49a7-868a-1a4e79b433c4" testId="5e4c0045-f918-fb41-3b1f-e545e76b307c" testName="OsLib.Tests.CloudStorageRealWorldIntegrationTests.RaiFile_RoundTrip_WorksAgainstRealWritableCloudProvider(provider: OneDrive)" computerName="Nkosikazi" duration="00:00:00.0066282" startTime="2026-04-04T14:23:58.6149260-07:00" endTime="2026-04-04T14:23:58.6215880-07:00" testType="13cdc9d9-ddb5-4fa4-a97d-d965ccfc6d4b" outcome="Passed" testListId="8c84fa94-04c1-424b-9868-57a2d4851a1d" relativeResultsDirectory="4e98ce3f-0e68-49a7-868a-1a4e79b433c4" />
    <UnitTestResult executionId="0a95f095-8875-4d5d-8b40-50fb295e4f8e" testId="3d1e88e0-fa88-674f-414e-0d1b7bebd3ab" testName="OsLib.Tests.PathConventionsTests.CanonicalFile_StringConstructor_WithNomsaNetDirectoryPath_PreservesDirectoryPath" computerName="Nkosikazi" duration="00:00:00.0000748" startTime="2026-04-04T14:23:59.3790360-07:00" endTime="2026-04-04T14:23:59.3791230-07:00" testType="13cdc9d9-ddb5-4fa4-a97d-d965ccfc6d4b" outcome="Passed" testListId="8c84fa94-04c1-424b-9868-57a2d4851a1d" relativeResultsDirectory="0a95f095-8875-4d5d-8b40-50fb295e4f8e" />
    <UnitTestResult executionId="2f9c51eb-3fd3-41c7-8db6-b7857a7e5832" testId="a922e7be-e06b-34b9-d1ee-d9170665f860" testName="OsLib.Tests.OsConfigurationDiagnosticsTests.CloudStorageRootDir_WhenUnavailable_LogsError_AndWritesStartupDiagnostic" computerName="Nkosikazi" duration="00:00:00.0026993" startTime="2026-04-04T14:23:58.6856180-07:00" endTime="2026-04-04T14:23:58.6883500-07:00" testType="13cdc9d9-ddb5-4fa4-a97d-d965ccfc6d4b" outcome="Passed" testListId="8c84fa94-04c1-424b-9868-57a2d4851a1d" relativeResultsDirectory="2f9c51eb-3fd3-41c7-8db6-b7857a7e5832" />
    <UnitTestResult executionId="e0662ec3-7d47-42ee-881b-7305bef6ebc8" testId="fb29a8c0-54e2-da28-aef6-f8554ead8c79" testName="OsLib.Tests.CliCommandTests.CommandInstallAndUpdateCommands_AreAvailable_ForKnownCommands" computerName="Nkosikazi" duration="00:00:00.0003137" startTime="2026-04-04T14:23:59.0723270-07:00" endTime="2026-04-04T14:23:59.0726670-07:00" testType="13cdc9d9-ddb5-4fa4-a97d-d965ccfc6d4b" outcome="Passed" testListId="8c84fa94-04c1-424b-9868-57a2d4851a1d" relativeResultsDirectory="e0662ec3-7d47-42ee-881b-7305bef6ebc8" />
    <UnitTestResult executionId="da12d875-d02f-4c88-acea-cd94f84b6b30" testId="430fb91d-d874-94dd-d4c0-ddeaacaf06b6" testName="OsLib.Tests.RCloneCommandTests.RCloneCommand_UsesExecutableInsideConfiguredPath" computerName="Nkosikazi" duration="00:00:00.0025260" startTime="2026-04-04T14:23:58.7408220-07:00" endTime="2026-04-04T14:23:58.7433790-07:00" testType="13cdc9d9-ddb5-4fa4-a97d-d965ccfc6d4b" outcome="Passed" testListId="8c84fa94-04c1-424b-9868-57a2d4851a1d" relativeResultsDirectory="da12d875-d02f-4c88-acea-cd94f84b6b30" />
    <UnitTestResult executionId="ea840115-d81c-4ba7-bf2a-062945833294" testId="f4c92599-ed8e-4b4b-96b6-d56db0cd941c" testName="OsLib.Tests.CloudRemoteSyncTests.TextFile_SyncsWithMzansi(provider: GoogleDrive)" computerName="Nkosikazi" duration="00:01:22.8698465" startTime="2026-04-04T14:20:14.1146770-07:00" endTime="2026-04-04T14:21:36.9892640-07:00" testType="13cdc9d9-ddb5-4fa4-a97d-d965ccfc6d4b" outcome="Passed" testListId="8c84fa94-04c1-424b-9868-57a2d4851a1d" relativeResultsDirectory="ea840115-d81c-4ba7-bf2a-062945833294" />
    <UnitTestResult executionId="bb7851ae-eee5-4dc4-aecd-c0762ba93ccc" testId="0f9f918f-5459-dc60-850c-fca6f3e06065" testName="OsLib.Tests.OsEnvironmentPathTests.ConfiguredOnlyCloudResolution_DoesNotCreateMissingConfigFile" computerName="Nkosikazi" duration="00:00:00.0021203" startTime="2026-04-04T14:23:54.1495410-07:00" endTime="2026-04-04T14:23:54.1517050-07:00" testType="13cdc9d9-ddb5-4fa4-a97d-d965ccfc6d4b" outcome="Passed" testListId="8c84fa94-04c1-424b-9868-57a2d4851a1d" relativeResultsDirectory="bb7851ae-eee5-4dc4-aecd-c0762ba93ccc" />
    <UnitTestResult executionId="518165ab-7e83-4fec-a659-61656f0c6af6" testId="840c02bf-36e1-f773-ce99-adc6bee3d171" testName="OsLib.Tests.OsEnvironmentPathTests.GetDefaultConfigPath_UsesConfiguredOverride_WhenPresent" computerName="Nkosikazi" duration="00:00:00.0016516" startTime="2026-04-04T14:23:54.1616660-07:00" endTime="2026-04-04T14:23:54.1633470-07:00" testType="13cdc9d9-ddb5-4fa4-a97d-d965ccfc6d4b" outcome="Passed" testListId="8c84fa94-04c1-424b-9868-57a2d4851a1d" relativeResultsDirectory="518165ab-7e83-4fec-a659-61656f0c6af6" />
    <UnitTestResult executionId="84a8467b-33db-4320-a4b5-726d89cdf6a1" testId="daa61d5a-5cc8-f4ad-7fd9-e51922cbf852" testName="OsLib.Tests.ConfiguredCloudStorageRootTests.GetCloudStorageRoots_ReturnsConfiguredProviderRoots_AsCloudPaths(provider: GoogleDrive)" computerName="Nkosikazi" duration="00:00:00.0000319" startTime="2026-04-04T14:23:58.6315770-07:00" endTime="2026-04-04T14:23:58.6316260-07:00" testType="13cdc9d9-ddb5-4fa4-a97d-d965ccfc6d4b" outcome="Passed" testListId="8c84fa94-04c1-424b-9868-57a2d4851a1d" relativeResultsDirectory="84a8467b-33db-4320-a4b5-726d89cdf6a1" />
    <UnitTestResult executionId="d4bfbe55-3503-4c10-a557-0a3834f6b9cc" testId="c56f693d-3d20-a565-f899-d1930da70038" testName="OsLib.Tests.CloudStorageProviderPathTests.GetCloudStorageProviderForPath_ReturnsConfiguredProvider_ForConfiguredRoot(provider: OneDrive)" computerName="Nkosikazi" duration="00:00:00.0001785" startTime="2026-04-04T14:23:58.5820350-07:00" endTime="2026-04-04T14:23:58.5822330-07:00" testType="13cdc9d9-ddb5-4fa4-a97d-d965ccfc6d4b" outcome="Passed" testListId="8c84fa94-04c1-424b-9868-57a2d4851a1d" relativeResultsDirectory="d4bfbe55-3503-4c10-a557-0a3834f6b9cc" />
    <UnitTestResult executionId="6480bbaa-551f-4944-928c-6dbc38d92543" testId="4565c21c-c636-6e18-ef93-b84593352eb5" testName="OsLib.Tests.OsEnvironmentPathTests.GetDefaultConfigPath_UsesFixedRAIkeepConfigLocation" computerName="Nkosikazi" duration="00:00:00.0004595" startTime="2026-04-04T14:23:54.1694560-07:00" endTime="2026-04-04T14:23:54.1699380-07:00" testType="13cdc9d9-ddb5-4fa4-a97d-d965ccfc6d4b" outcome="Passed" testListId="8c84fa94-04c1-424b-9868-57a2d4851a1d" relativeResultsDirectory="6480bbaa-551f-4944-928c-6dbc38d92543" />
    <UnitTestResult executionId="c11f2626-8021-407a-b89c-bfa4b89cf3ff" testId="c647bdfa-1947-b199-71c6-7014aa597ada" testName="OsLib.Tests.CloudStorageConfigMechanicsTests.GetCloudDiscoveryReport_IncludesProviderLines" computerName="Nkosikazi" duration="00:00:00.0002355" startTime="2026-04-04T14:23:58.6565770-07:00" endTime="2026-04-04T14:23:58.6568400-07:00" testType="13cdc9d9-ddb5-4fa4-a97d-d965ccfc6d4b" outcome="Passed" testListId="8c84fa94-04c1-424b-9868-57a2d4851a1d" relativeResultsDirectory="c11f2626-8021-407a-b89c-bfa4b89cf3ff" />
    <UnitTestResult executionId="fde1f19c-c1d1-4f58-a353-a2e6b4ddc70f" testId="c793e030-64b7-12d3-7e59-230dcd1068d8" testName="OsLib.Tests.CloudStoragePathMechanicsTests.RaiFile_CloudFlag_DetectsFilesUnderConfiguredProvider(provider: Dropbox, dirName: &quot;DropboxRoot&quot;)" computerName="Nkosikazi" duration="00:00:00.0031938" startTime="2026-04-04T14:23:58.5929680-07:00" endTime="2026-04-04T14:23:58.5962140-07:00" testType="13cdc9d9-ddb5-4fa4-a97d-d965ccfc6d4b" outcome="Passed" testListId="8c84fa94-04c1-424b-9868-57a2d4851a1d" relativeResultsDirectory="fde1f19c-c1d1-4f58-a353-a2e6b4ddc70f" />
    <UnitTestResult executionId="c695ddbc-9e0d-4d23-9ecc-ed7da8ef36ea" testId="5f75290f-a800-1bd5-4414-f75eb0ceeccf" testName="OsLib.Tests.OsLibTests.Script_Save_CreatesExecutableFile" computerName="Nkosikazi" duration="00:00:00.0008185" startTime="2026-04-04T14:23:59.6882340-07:00" endTime="2026-04-04T14:23:59.6890730-07:00" testType="13cdc9d9-ddb5-4fa4-a97d-d965ccfc6d4b" outcome="Passed" testListId="8c84fa94-04c1-424b-9868-57a2d4851a1d" relativeResultsDirectory="c695ddbc-9e0d-4d23-9ecc-ed7da8ef36ea" />
    <UnitTestResult executionId="877e2f2e-16f0-4c88-b2df-416e52d6a642" testId="fda217fd-1a7e-fbb4-408e-bb3272d03609" testName="OsLib.Tests.CloudStorageRealWorldIntegrationTests.RaiFile_RoundTrip_WorksAgainstRealWritableCloudProvider(provider: GoogleDrive)" computerName="Nkosikazi" duration="00:00:00.0022744" startTime="2026-04-04T14:23:58.6219490-07:00" endTime="2026-04-04T14:23:58.6242490-07:00" testType="13cdc9d9-ddb5-4fa4-a97d-d965ccfc6d4b" outcome="Passed" testListId="8c84fa94-04c1-424b-9868-57a2d4851a1d" relativeResultsDirectory="877e2f2e-16f0-4c88-b2df-416e52d6a642" />
    <UnitTestResult executionId="06ff56c1-0ff1-4f73-85ea-6af8e65d4728" testId="c283be73-39b7-ae67-45ce-d9392a91f767" testName="OsLib.Tests.CloudStoragePathMechanicsTests.RaiFile_CloudFlag_DetectsFilesUnderConfiguredProvider(provider: GoogleDrive, dirName: &quot;GoogleDriveRoot&quot;)" computerName="Nkosikazi" duration="00:00:00.0047958" startTime="2026-04-04T14:23:58.5878800-07:00" endTime="2026-04-04T14:23:58.5927220-07:00" testType="13cdc9d9-ddb5-4fa4-a97d-d965ccfc6d4b" outcome="Passed" testListId="8c84fa94-04c1-424b-9868-57a2d4851a1d" relativeResultsDirectory="06ff56c1-0ff1-4f73-85ea-6af8e65d4728" />
    <UnitTestResult executionId="4b401d3a-29a9-48e8-b9e5-e4e463ec4b20" testId="d783a897-1023-6b45-408a-1293e3e98532" testName="OsLib.Tests.PathConventionsTests.CanonicalFile_RaiPathConstructor_WithNomsaNetDirectoryPathAndName_KeepsCanonicalByStem" computerName="Nkosikazi" duration="00:00:00.0002127" startTime="2026-04-04T14:23:59.3764390-07:00" endTime="2026-04-04T14:23:59.3766600-07:00" testType="13cdc9d9-ddb5-4fa4-a97d-d965ccfc6d4b" outcome="Passed" testListId="8c84fa94-04c1-424b-9868-57a2d4851a1d" relativeResultsDirectory="4b401d3a-29a9-48e8-b9e5-e4e463ec4b20" />
    <UnitTestResult executionId="40a6e061-68ac-47fe-b5c0-410dd6803d13" testId="69c0e272-6c2e-025f-3023-635640592a54" testName="OsLib.Tests.OsEnvironmentPathTests.TempDir_MatchesSystemTempPath_WhenNotConfigured" computerName="Nkosikazi" duration="00:00:00.0074650" startTime="2026-04-04T14:23:54.1416790-07:00" endTime="2026-04-04T14:23:54.1491960-07:00" testType="13cdc9d9-ddb5-4fa4-a97d-d965ccfc6d4b" outcome="Passed" testListId="8c84fa94-04c1-424b-9868-57a2d4851a1d" relativeResultsDirectory="40a6e061-68ac-47fe-b5c0-410dd6803d13" />
    <UnitTestResult executionId="b88555e9-0b7a-45e4-8a3d-3d6694848684" testId="0960d297-0e10-f72b-c6b0-16dea5207f86" testName="OsLib.Tests.CloudStorageMachineStateTests.MachineCloudState_PrintsConfiguredProviderStatus_WithoutFailingForMissingRoots" computerName="Nkosikazi" duration="00:00:00.0008317" startTime="2026-04-04T14:23:58.6684320-07:00" endTime="2026-04-04T14:23:58.6692830-07:00" testType="13cdc9d9-ddb5-4fa4-a97d-d965ccfc6d4b" outcome="Passed" testListId="8c84fa94-04c1-424b-9868-57a2d4851a1d" relativeResultsDirectory="b88555e9-0b7a-45e4-8a3d-3d6694848684" />
    <UnitTestResult executionId="f5bb2c3a-a06d-4de6-af03-d268c8d30182" testId="f71e4cec-f72e-26d4-608b-843a86bd63a2" testName="OsLib.Tests.CloudStorageAgreementTests.RaiFile_UsesConfiguredProviderRoot_ForCloudAwareFlag(provider: OneDrive)" computerName="Nkosikazi" duration="00:00:00.0000802" startTime="2026-04-04T14:23:58.6742960-07:00" endTime="2026-04-04T14:23:58.6743960-07:00" testType="13cdc9d9-ddb5-4fa4-a97d-d965ccfc6d4b" outcome="Passed" testListId="8c84fa94-04c1-424b-9868-57a2d4851a1d" relativeResultsDirectory="f5bb2c3a-a06d-4de6-af03-d268c8d30182" />
    <UnitTestResult executionId="d85c222e-9c95-48cd-90c4-2ce4f15a35e7" testId="84a19043-71f3-3f33-2be0-13ef8034f4a0" testName="OsLib.Tests.TmpFileTests.TmpFile_Create_CreatesMissingParentDirectoryTree" computerName="Nkosikazi" duration="00:00:00.0017151" startTime="2026-04-04T14:23:58.7388210-07:00" endTime="2026-04-04T14:23:58.7405550-07:00" testType="13cdc9d9-ddb5-4fa4-a97d-d965ccfc6d4b" outcome="Passed" testListId="8c84fa94-04c1-424b-9868-57a2d4851a1d" relativeResultsDirectory="d85c222e-9c95-48cd-90c4-2ce4f15a35e7" />
    <UnitTestResult executionId="b4d29e1b-d204-4c22-af04-a3e1b139b6a6" testId="eea6252a-0907-267a-ae3f-492f811d0a8f" testName="OsLib.Tests.CloudStoragePathMechanicsTests.GetCloudStorageProviderForPath_ReturnsConfiguredProvider_ForEachProvider(provider: GoogleDrive, dirName: &quot;GoogleDriveRoot&quot;)" computerName="Nkosikazi" duration="00:00:00.0029497" startTime="2026-04-04T14:23:58.5964950-07:00" endTime="2026-04-04T14:23:58.5994760-07:00" testType="13cdc9d9-ddb5-4fa4-a97d-d965ccfc6d4b" outcome="Passed" testListId="8c84fa94-04c1-424b-9868-57a2d4851a1d" relativeResultsDirectory="b4d29e1b-d204-4c22-af04-a3e1b139b6a6" />
    <UnitTestResult executionId="1b816b4b-9e43-4edb-9734-9badfb61ca16" testId="336ae8d8-c54d-2487-b172-a179d3027614" testName="OsLib.Tests.OsLibTests.RaiFile_rmdir_ThrowsWhenDirectoryNotEmpty" computerName="Nkosikazi" duration="00:00:00.0014920" startTime="2026-04-04T14:23:59.4435760-07:00" endTime="2026-04-04T14:23:59.4450980-07:00" testType="13cdc9d9-ddb5-4fa4-a97d-d965ccfc6d4b" outcome="Passed" testListId="8c84fa94-04c1-424b-9868-57a2d4851a1d" relativeResultsDirectory="1b816b4b-9e43-4edb-9734-9badfb61ca16" />
    <UnitTestResult executionId="e5e9bc9d-7b0a-4ee7-9f2c-76f9f497a3e7" testId="d8264ebd-09aa-b956-fee5-db2119c3dbfd" testName="OsLib.Tests.ConfiguredCloudStorageRootTests.GetCloudStorageRoots_ReturnsConfiguredProviderRoots_AsCloudPaths(provider: Dropbox)" computerName="Nkosikazi" duration="00:00:00.0001673" startTime="2026-04-04T14:23:58.6310500-07:00" endTime="2026-04-04T14:23:58.6312350-07:00" testType="13cdc9d9-ddb5-4fa4-a97d-d965ccfc6d4b" outcome="Passed" testListId="8c84fa94-04c1-424b-9868-57a2d4851a1d" relativeResultsDirectory="e5e9bc9d-7b0a-4ee7-9f2c-76f9f497a3e7" />
    <UnitTestResult executionId="53c63df9-4ca6-4907-84e8-228317f01e7f" testId="dbdce8bd-d49f-1a3b-4930-e659bc2fcefd" testName="OsLib.Tests.ConfiguredCloudStorageRootTests.GetCloudStorageRoots_ReturnsConfiguredProviderRoots_AsCloudPaths(provider: OneDrive)" computerName="Nkosikazi" duration="00:00:00.0001569" startTime="2026-04-04T14:23:58.6313240-07:00" endTime="2026-04-04T14:23:58.6314970-07:00" testType="13cdc9d9-ddb5-4fa4-a97d-d965ccfc6d4b" outcome="Passed" testListId="8c84fa94-04c1-424b-9868-57a2d4851a1d" relativeResultsDirectory="53c63df9-4ca6-4907-84e8-228317f01e7f" />
    <UnitTestResult executionId="fd2dc01e-6357-4065-9148-28d089fdfebf" testId="81172f04-3f00-f92b-d453-9a85dd0a347f" testName="OsLib.Tests.OsEnvironmentPathTests.LoadConfig_UsesUpdatedDefaultConfigPath_AfterEnvironmentSwitch" computerName="Nkosikazi" duration="00:00:00.0061356" startTime="2026-04-04T14:23:54.1763890-07:00" endTime="2026-04-04T14:23:54.1825650-07:00" testType="13cdc9d9-ddb5-4fa4-a97d-d965ccfc6d4b" outcome="Passed" testListId="8c84fa94-04c1-424b-9868-57a2d4851a1d" relativeResultsDirectory="fd2dc01e-6357-4065-9148-28d089fdfebf" />
    <UnitTestResult executionId="ab52245f-5272-47c6-918f-12f78593435a" testId="56edfe81-9441-d0d3-766c-5e1f8613c41b" testName="OsLib.Tests.CloudStorageRealWorldIntegrationTests.TextFile_SaveAndRead_WorksAgainstRealWritableCloudProvider(provider: Dropbox)" computerName="Nkosikazi" duration="00:00:00.0012081" startTime="2026-04-04T14:23:58.6284490-07:00" endTime="2026-04-04T14:23:58.6296740-07:00" testType="13cdc9d9-ddb5-4fa4-a97d-d965ccfc6d4b" outcome="Passed" testListId="8c84fa94-04c1-424b-9868-57a2d4851a1d" relativeResultsDirectory="ab52245f-5272-47c6-918f-12f78593435a" />
    <UnitTestResult executionId="bd38e4fc-ff0e-4868-9470-b682062c73cf" testId="2115f127-2a28-e814-8015-88366dc9f383" testName="OsLib.Tests.CloudStorageAgreementMechanicsTests.Backup_StripsConfiguredCloudRoot_FromBackupTargetPath(provider: Dropbox, rootName: &quot;DropboxRoot&quot;)" computerName="Nkosikazi" duration="00:00:00.0052722" startTime="2026-04-04T14:23:58.6918270-07:00" endTime="2026-04-04T14:23:58.6971310-07:00" testType="13cdc9d9-ddb5-4fa4-a97d-d965ccfc6d4b" outcome="Passed" testListId="8c84fa94-04c1-424b-9868-57a2d4851a1d" relativeResultsDirectory="bd38e4fc-ff0e-4868-9470-b682062c73cf" />
    <UnitTestResult executionId="303295e6-cd61-4cf2-9475-b800d828c6a6" testId="e1d64ceb-a3e1-dce6-a023-dec83ec48ef8" testName="OsLib.Tests.TmpFileTests.TmpFile_Create_CreatesFile_WhenParentDirectoryExists" computerName="Nkosikazi" duration="00:00:00.0022053" startTime="2026-04-04T14:23:58.7364670-07:00" endTime="2026-04-04T14:23:58.7387020-07:00" testType="13cdc9d9-ddb5-4fa4-a97d-d965ccfc6d4b" outcome="Passed" testListId="8c84fa94-04c1-424b-9868-57a2d4851a1d" relativeResultsDirectory="303295e6-cd61-4cf2-9475-b800d828c6a6" />
    <UnitTestResult executionId="7bc93301-db84-4703-8faa-ee9a9a03ca8f" testId="32cd5503-1ab2-4391-0434-30a9f324b518" testName="OsLib.Tests.ConfiguredCloudStorageRootTests.GetCloudStorageRoot_ReturnsConfiguredProviderRoot_WhenAvailable(provider: GoogleDrive)" computerName="Nkosikazi" duration="00:00:00.0000240" startTime="2026-04-04T14:23:58.6321400-07:00" endTime="2026-04-04T14:23:58.6321750-07:00" testType="13cdc9d9-ddb5-4fa4-a97d-d965ccfc6d4b" outcome="Passed" testListId="8c84fa94-04c1-424b-9868-57a2d4851a1d" relativeResultsDirectory="7bc93301-db84-4703-8faa-ee9a9a03ca8f" />
    <UnitTestResult executionId="2cfbd52e-49b5-4cd8-9b19-28506a6e7273" testId="f39ae618-11c1-4051-9561-0d131efd5135" testName="OsLib.Tests.CloudStorageAgreementMechanicsTests.CloudStorageRoot_UsesDocumentedDefaultOrder_ForConfiguredRoots" computerName="Nkosikazi" duration="00:00:00.0044603" startTime="2026-04-04T14:23:58.7216310-07:00" endTime="2026-04-04T14:23:58.7261260-07:00" testType="13cdc9d9-ddb5-4fa4-a97d-d965ccfc6d4b" outcome="Passed" testListId="8c84fa94-04c1-424b-9868-57a2d4851a1d" relativeResultsDirectory="2cfbd52e-49b5-4cd8-9b19-28506a6e7273" />
    <UnitTestResult executionId="9a083515-9cb9-4edb-a95d-abd6c5989abc" testId="5b02dbc8-33f7-dd84-8ca7-8041a40b9f89" testName="OsLib.Tests.RCloneCommandTests.RCloneCommand_RunSubcommandAsync_PrefixesSubcommand_AndUsesWorkerThread" computerName="Nkosikazi" duration="00:00:00.3183634" startTime="2026-04-04T14:23:58.7436430-07:00" endTime="2026-04-04T14:23:59.0627010-07:00" testType="13cdc9d9-ddb5-4fa4-a97d-d965ccfc6d4b" outcome="Passed" testListId="8c84fa94-04c1-424b-9868-57a2d4851a1d" relativeResultsDirectory="9a083515-9cb9-4edb-a95d-abd6c5989abc" />
    <UnitTestResult executionId="21182eb9-6afb-4482-bf30-a4ca8b3bdcb4" testId="584d6dba-5683-7644-306c-889dda640ecf" testName="OsLib.Tests.RemoteSshTests.Mzansi_Ssh_Readiness_Probe_Works" computerName="Nkosikazi" duration="00:00:00.8824249" startTime="2026-04-04T14:23:54.1952680-07:00" endTime="2026-04-04T14:23:55.0777910-07:00" testType="13cdc9d9-ddb5-4fa4-a97d-d965ccfc6d4b" outcome="Passed" testListId="8c84fa94-04c1-424b-9868-57a2d4851a1d" relativeResultsDirectory="21182eb9-6afb-4482-bf30-a4ca8b3bdcb4" />
    <UnitTestResult executionId="273ac0ba-8297-46c0-81ae-4feeb93a64f2" testId="f60aa75e-7e99-4ec5-5752-ef99f3565db2" testName="OsLib.Tests.CloudStorageAgreementTests.CloudStorageRoot_UsesDocumentedDefaultOrder_ForAvailableConfiguredProviders" computerName="Nkosikazi" duration="00:00:00.0024028" startTime="2026-04-04T14:23:58.6695160-07:00" endTime="2026-04-04T14:23:58.6719440-07:00" testType="13cdc9d9-ddb5-4fa4-a97d-d965ccfc6d4b" outcome="Passed" testListId="8c84fa94-04c1-424b-9868-57a2d4851a1d" relativeResultsDirectory="273ac0ba-8297-46c0-81ae-4feeb93a64f2" />
    <UnitTestResult executionId="7a1edc04-cec3-4eec-b68f-699f7888f131" testId="6cdf159c-709b-0253-e027-75b4eec896fc" testName="OsLib.Tests.OsLibTests.Os_UserHomeDir_UsesHomeVariable_OnUnix" computerName="Nkosikazi" duration="00:00:00.0004749" startTime="2026-04-04T14:23:59.8593030-07:00" endTime="2026-04-04T14:23:59.8598010-07:00" testType="13cdc9d9-ddb5-4fa4-a97d-d965ccfc6d4b" outcome="Passed" testListId="8c84fa94-04c1-424b-9868-57a2d4851a1d" relativeResultsDirectory="7a1edc04-cec3-4eec-b68f-699f7888f131" />
    <UnitTestResult executionId="a33fcdaa-2b43-4372-8eeb-ac00af84b6e4" testId="f5c8d428-6a62-0086-81ef-c0b6062c9675" testName="OsLib.Tests.OsLibTests.ShellHelper_Bash_RunsCommand_OnUnix" computerName="Nkosikazi" duration="00:00:00.0286330" startTime="2026-04-04T14:23:59.3820140-07:00" endTime="2026-04-04T14:23:59.4106950-07:00" testType="13cdc9d9-ddb5-4fa4-a97d-d965ccfc6d4b" outcome="Passed" testListId="8c84fa94-04c1-424b-9868-57a2d4851a1d" relativeResultsDirectory="a33fcdaa-2b43-4372-8eeb-ac00af84b6e4" />
    <UnitTestResult executionId="cfcf5d8f-1bcc-4633-b5b0-d9cb2c514788" testId="b1761c58-7432-5fac-d5d4-bb13675f8599" testName="OsLib.Tests.CloudStorageAgreementMechanicsTests.LocalBackupDir_RejectsCloudBackedConfiguredValue" computerName="Nkosikazi" duration="00:00:00.0028918" startTime="2026-04-04T14:23:58.7048970-07:00" endTime="2026-04-04T14:23:58.7078100-07:00" testType="13cdc9d9-ddb5-4fa4-a97d-d965ccfc6d4b" outcome="Passed" testListId="8c84fa94-04c1-424b-9868-57a2d4851a1d" relativeResultsDirectory="cfcf5d8f-1bcc-4633-b5b0-d9cb2c514788" />
    <UnitTestResult executionId="e5f021e2-3f38-4a1d-9462-d0cc94869eb9" testId="a76a427c-6bf5-3456-20b0-65fe7feb7306" testName="OsLib.Tests.OsLibTests.RaiFile_rmdir_DeletesTree_WhenDeleteFilesTrue" computerName="Nkosikazi" duration="00:00:00.0015060" startTime="2026-04-04T14:23:59.6944800-07:00" endTime="2026-04-04T14:23:59.6960070-07:00" testType="13cdc9d9-ddb5-4fa4-a97d-d965ccfc6d4b" outcome="Passed" testListId="8c84fa94-04c1-424b-9868-57a2d4851a1d" relativeResultsDirectory="e5f021e2-3f38-4a1d-9462-d0cc94869eb9" />
    <UnitTestResult executionId="9b0ba705-45f7-4653-a76a-4efcc0838d76" testId="5321433c-df8b-a603-8bc2-d2c07584f832" testName="OsLib.Tests.OsConfigurationDiagnosticsTests.TempDir_FallsBackWithLogWarning_ButNoConsole_WhenConfigIsValid" computerName="Nkosikazi" duration="00:00:00.0028718" startTime="2026-04-04T14:23:58.6885830-07:00" endTime="2026-04-04T14:23:58.6914810-07:00" testType="13cdc9d9-ddb5-4fa4-a97d-d965ccfc6d4b" outcome="Passed" testListId="8c84fa94-04c1-424b-9868-57a2d4851a1d" relativeResultsDirectory="9b0ba705-45f7-4653-a76a-4efcc0838d76" />
    <UnitTestResult executionId="39616395-906f-4387-a963-023c73c6d3b7" testId="c73feca4-60d3-3e9b-c67b-9a78a975acfe" testName="OsLib.Tests.CloudStorageAgreementTests.RaiFile_UsesConfiguredProviderRoot_ForCloudAwareFlag(provider: Dropbox)" computerName="Nkosikazi" duration="00:00:00.0003158" startTime="2026-04-04T14:23:58.6721680-07:00" endTime="2026-04-04T14:23:58.6725100-07:00" testType="13cdc9d9-ddb5-4fa4-a97d-d965ccfc6d4b" outcome="Passed" testListId="8c84fa94-04c1-424b-9868-57a2d4851a1d" relativeResultsDirectory="39616395-906f-4387-a963-023c73c6d3b7" />
    <UnitTestResult executionId="8e0f4c02-c7eb-4d63-a3f3-8ccc85ab338d" testId="e23afbec-f41b-da6e-1c9d-ec86dfc74759" testName="OsLib.Tests.OsConfigurationDiagnosticsTests.LoadConfig_MissingConfig_LogsError_AndWritesStartupDiagnostic" computerName="Nkosikazi" duration="00:00:00.0044556" startTime="2026-04-04T14:23:58.6746880-07:00" endTime="2026-04-04T14:23:58.6791740-07:00" testType="13cdc9d9-ddb5-4fa4-a97d-d965ccfc6d4b" outcome="Passed" testListId="8c84fa94-04c1-424b-9868-57a2d4851a1d" relativeResultsDirectory="8e0f4c02-c7eb-4d63-a3f3-8ccc85ab338d" />
    <UnitTestResult executionId="d7fa819b-a44a-4e79-afa5-328b4af3af5f" testId="29853f17-a202-80bb-ba8e-bbd3b96bd9a3" testName="OsLib.Tests.CloudStorageAgreementMechanicsTests.GetCloudStorageRoots_ProbesHomeOneDriveVariants_OnUnix" computerName="Nkosikazi" duration="00:00:00.0045640" startTime="2026-04-04T14:23:58.7167840-07:00" endTime="2026-04-04T14:23:58.7213800-07:00" testType="13cdc9d9-ddb5-4fa4-a97d-d965ccfc6d4b" outcome="Passed" testListId="8c84fa94-04c1-424b-9868-57a2d4851a1d" relativeResultsDirectory="d7fa819b-a44a-4e79-afa5-328b4af3af5f" />
    <UnitTestResult executionId="4b3be970-bb0e-415e-852c-1b440c700cdd" testId="4950f4c9-6919-200c-37ab-f44413171184" testName="OsLib.Tests.PathConventionsTests.ConventionName_ReportsExpectedEnumForCanonicalFile" computerName="Nkosikazi" duration="00:00:00.0020427" startTime="2026-04-04T14:23:59.3725070-07:00" endTime="2026-04-04T14:23:59.3745780-07:00" testType="13cdc9d9-ddb5-4fa4-a97d-d965ccfc6d4b" outcome="Passed" testListId="8c84fa94-04c1-424b-9868-57a2d4851a1d" relativeResultsDirectory="4b3be970-bb0e-415e-852c-1b440c700cdd" />
    <UnitTestResult executionId="045f9ab7-a133-4bfd-93d0-a63a4c30461c" testId="75835183-a2e1-ba13-87ee-ef007b76b7e8" testName="OsLib.Tests.OsConfigurationDiagnosticsTests.LoadConfig_MalformedConfig_LogsError_AndWritesStartupDiagnostic" computerName="Nkosikazi" duration="00:00:00.0032668" startTime="2026-04-04T14:23:58.6821400-07:00" endTime="2026-04-04T14:23:58.6854370-07:00" testType="13cdc9d9-ddb5-4fa4-a97d-d965ccfc6d4b" outcome="Passed" testListId="8c84fa94-04c1-424b-9868-57a2d4851a1d" relativeResultsDirectory="045f9ab7-a133-4bfd-93d0-a63a4c30461c" />
    <UnitTestResult executionId="a9715967-ac40-467e-9aec-0acefcbafc95" testId="88ecb67d-ef44-f83f-7b80-a0304d7f12ce" testName="OsLib.Tests.CloudStorageConfigMechanicsTests.GetCloudStorageRoots_LoadsDefaultUserConfigLocation" computerName="Nkosikazi" duration="00:00:00.0041457" startTime="2026-04-04T14:23:58.6386570-07:00" endTime="2026-04-04T14:23:58.6428310-07:00" testType="13cdc9d9-ddb5-4fa4-a97d-d965ccfc6d4b" outcome="Passed" testListId="8c84fa94-04c1-424b-9868-57a2d4851a1d" relativeResultsDirectory="a9715967-ac40-467e-9aec-0acefcbafc95" />
    <UnitTestResult executionId="0f27ae62-e168-4eec-aba4-51a98fcdee43" testId="e9397004-121c-721b-d7a1-afca06b505f1" testName="OsLib.Tests.ConfiguredCloudStorageRootTests.GetCloudStorageRoot_ReturnsConfiguredProviderRoot_WhenAvailable(provider: OneDrive)" computerName="Nkosikazi" duration="00:00:00.0000862" startTime="2026-04-04T14:23:58.6319640-07:00" endTime="2026-04-04T14:23:58.6320620-07:00" testType="13cdc9d9-ddb5-4fa4-a97d-d965ccfc6d4b" outcome="Passed" testListId="8c84fa94-04c1-424b-9868-57a2d4851a1d" relativeResultsDirectory="0f27ae62-e168-4eec-aba4-51a98fcdee43" />
    <UnitTestResult executionId="24939cef-fe17-4d5d-bff9-47919a223988" testId="ccaeef4d-d3fd-c0d7-c533-65fcce42f954" testName="OsLib.Tests.CloudStoragePathMechanicsTests.GetCloudStorageRoot_UsesConfiguredRoot_ForEachProvider(provider: OneDrive, dirName: &quot;OneDriveRoot&quot;)" computerName="Nkosikazi" duration="00:00:00.0024133" startTime="2026-04-04T14:23:58.6120540-07:00" endTime="2026-04-04T14:23:58.6144990-07:00" testType="13cdc9d9-ddb5-4fa4-a97d-d965ccfc6d4b" outcome="Passed" testListId="8c84fa94-04c1-424b-9868-57a2d4851a1d" relativeResultsDirectory="24939cef-fe17-4d5d-bff9-47919a223988" />
    <UnitTestResult executionId="6edb2a87-c2dc-4036-9820-96b0ed944021" testId="6e0c8aff-a43e-bac6-ce2d-47b8ac5a33a7" testName="OsLib.Tests.OsEnvironmentPathTests.AppRootDir_UsesCurrentWorkingDirectory" computerName="Nkosikazi" duration="00:00:00.0002247" startTime="2026-04-04T14:23:54.1584610-07:00" endTime="2026-04-04T14:23:54.1587130-07:00" testType="13cdc9d9-ddb5-4fa4-a97d-d965ccfc6d4b" outcome="Passed" testListId="8c84fa94-04c1-424b-9868-57a2d4851a1d" relativeResultsDirectory="6edb2a87-c2dc-4036-9820-96b0ed944021" />
    <UnitTestResult executionId="4da8f0b5-7501-4e97-87b7-eaf7ca6b7014" testId="c7a7165a-ecdc-e7ff-3fb3-23e0ab3cb3f4" testName="OsLib.Tests.OsLibTests.RaiFileExtensions_CreateDictionariesFromCsvLines_ParsesTabSeparated" computerName="Nkosikazi" duration="00:00:00.0029527" startTime="2026-04-04T14:23:59.8605050-07:00" endTime="2026-04-04T14:23:59.8634850-07:00" testType="13cdc9d9-ddb5-4fa4-a97d-d965ccfc6d4b" outcome="Passed" testListId="8c84fa94-04c1-424b-9868-57a2d4851a1d" relativeResultsDirectory="4da8f0b5-7501-4e97-87b7-eaf7ca6b7014" />
    <UnitTestResult executionId="2e940431-f9ec-4f18-8dbd-f91ee22f42d1" testId="7099dd52-6619-bcbb-952f-09e176ed4eb2" testName="OsLib.Tests.OsEnvironmentPathTests.LocalBackupDir_DefaultResolution_IsRooted_AndNotCloudBacked" computerName="Nkosikazi" duration="00:00:00.0024966" startTime="2026-04-04T14:23:54.1588700-07:00" endTime="2026-04-04T14:23:54.1614040-07:00" testType="13cdc9d9-ddb5-4fa4-a97d-d965ccfc6d4b" outcome="Passed" testListId="8c84fa94-04c1-424b-9868-57a2d4851a1d" relativeResultsDirectory="2e940431-f9ec-4f18-8dbd-f91ee22f42d1" />
    <UnitTestResult executionId="c542b076-2bc4-4c06-be7e-ac53cc0f719c" testId="cda22968-3b18-8118-0efa-40330a4b9735" testName="OsLib.Tests.CloudStorageRealWorldIntegrationTests.TextFile_SaveAndRead_WorksAgainstRealWritableCloudProvider(provider: OneDrive)" computerName="Nkosikazi" duration="00:00:00.0016293" startTime="2026-04-04T14:23:58.6266340-07:00" endTime="2026-04-04T14:23:58.6283150-07:00" testType="13cdc9d9-ddb5-4fa4-a97d-d965ccfc6d4b" outcome="Passed" testListId="8c84fa94-04c1-424b-9868-57a2d4851a1d" relativeResultsDirectory="c542b076-2bc4-4c06-be7e-ac53cc0f719c" />
    <UnitTestResult executionId="49c9fb19-8144-4c5e-88d0-cd7d83e46fa9" testId="326cb4d6-640f-765c-a06f-d5ffef363b40" testName="OsLib.Tests.PathConventionsTests.CanonicalFile_Appends_Folder" computerName="Nkosikazi" duration="00:00:00.0002285" startTime="2026-04-04T14:23:59.3814870-07:00" endTime="2026-04-04T14:23:59.3817320-07:00" testType="13cdc9d9-ddb5-4fa4-a97d-d965ccfc6d4b" outcome="Passed" testListId="8c84fa94-04c1-424b-9868-57a2d4851a1d" relativeResultsDirectory="49c9fb19-8144-4c5e-88d0-cd7d83e46fa9" />
    <UnitTestResult executionId="65cf3088-19c3-438a-abaf-e8e22bb77cd2" testId="7e60f349-578f-21f5-e240-604be0d61927" testName="OsLib.Tests.OsLibTests.RaiSystem_CommandLineConstructor_SupportsQuotedExecutablePaths" computerName="Nkosikazi" duration="00:00:00.1580360" startTime="2026-04-04T14:23:59.6980020-07:00" endTime="2026-04-04T14:23:59.8561470-07:00" testType="13cdc9d9-ddb5-4fa4-a97d-d965ccfc6d4b" outcome="Passed" testListId="8c84fa94-04c1-424b-9868-57a2d4851a1d" relativeResultsDirectory="65cf3088-19c3-438a-abaf-e8e22bb77cd2" />
    <UnitTestResult executionId="74eeddb7-c880-4e76-ae37-acefb69027f2" testId="93561357-53c1-5ac1-36a3-d861d09b3533" testName="OsLib.Tests.PathConventionsTests.RaiPath_Mkdir_CreatesDirectory_ForPathCompositionStyle" computerName="Nkosikazi" duration="00:00:00.0020697" startTime="2026-04-04T14:23:59.3792200-07:00" endTime="2026-04-04T14:23:59.3813060-07:00" testType="13cdc9d9-ddb5-4fa4-a97d-d965ccfc6d4b" outcome="Passed" testListId="8c84fa94-04c1-424b-9868-57a2d4851a1d" relativeResultsDirectory="74eeddb7-c880-4e76-ae37-acefb69027f2" />
    <UnitTestResult executionId="6c51b463-405d-443a-a29b-d70a02e178ce" testId="bbe2f916-15d4-bf01-8dee-4e4f05410be5" testName="OsLib.Tests.CloudStorageConfigMechanicsTests.GetCloudStorageRoots_DoesNotOverwriteExistingDefaultUserConfigFile" computerName="Nkosikazi" duration="00:00:00.0038071" startTime="2026-04-04T14:23:58.6570330-07:00" endTime="2026-04-04T14:23:58.6608780-07:00" testType="13cdc9d9-ddb5-4fa4-a97d-d965ccfc6d4b" outcome="Passed" testListId="8c84fa94-04c1-424b-9868-57a2d4851a1d" relativeResultsDirectory="6c51b463-405d-443a-a29b-d70a02e178ce" />
    <UnitTestResult executionId="38eb0f63-23b8-4967-8e75-3aa40a4e76be" testId="20e134b6-c398-88d3-7c1e-c088295b0c27" testName="OsLib.Tests.OsLibTests.Os_UserHomeDir_UsesWindowsVariables_OnWindows" computerName="Nkosikazi" duration="00:00:00.0001298" startTime="2026-04-04T14:23:59.6939900-07:00" endTime="2026-04-04T14:23:59.6941370-07:00" testType="13cdc9d9-ddb5-4fa4-a97d-d965ccfc6d4b" outcome="Passed" testListId="8c84fa94-04c1-424b-9868-57a2d4851a1d" relativeResultsDirectory="38eb0f63-23b8-4967-8e75-3aa40a4e76be" />
    <UnitTestResult executionId="75c7d296-6c4b-4f51-8cb0-9848612777c1" testId="25c23c44-665f-84c6-2ef0-5da891c0eede" testName="OsLib.Tests.OsLibTests.RaiFile_ParsesNameAndExtension" computerName="Nkosikazi" duration="00:00:00.0003457" startTime="2026-04-04T14:23:59.6877430-07:00" endTime="2026-04-04T14:23:59.6881180-07:00" testType="13cdc9d9-ddb5-4fa4-a97d-d965ccfc6d4b" outcome="Passed" testListId="8c84fa94-04c1-424b-9868-57a2d4851a1d" relativeResultsDirectory="75c7d296-6c4b-4f51-8cb0-9848612777c1" />
    <UnitTestResult executionId="5ba97184-14d6-4567-b2a4-91f60558ed15" testId="fe15385a-85a9-554d-f24d-5c6377934e96" testName="OsLib.Tests.OsLibTests.RaiPath_OperatorAddsSubDirectory" computerName="Nkosikazi" duration="00:00:00.0000660" startTime="2026-04-04T14:23:59.6962380-07:00" endTime="2026-04-04T14:23:59.6963230-07:00" testType="13cdc9d9-ddb5-4fa4-a97d-d965ccfc6d4b" outcome="Passed" testListId="8c84fa94-04c1-424b-9868-57a2d4851a1d" relativeResultsDirectory="5ba97184-14d6-4567-b2a4-91f60558ed15" />
    <UnitTestResult executionId="ae41d7d3-d9b5-40de-b431-df71a90b9c25" testId="8bc870f1-6d35-f32b-27a9-b4a36aa2ff8f" testName="OsLib.Tests.CliCommandTests.CliCommand_RunAsync_ExecutesOnWorkerThread_AndCapturesOutput" computerName="Nkosikazi" duration="00:00:00.2696779" startTime="2026-04-04T14:23:59.0729660-07:00" endTime="2026-04-04T14:23:59.3426980-07:00" testType="13cdc9d9-ddb5-4fa4-a97d-d965ccfc6d4b" outcome="Passed" testListId="8c84fa94-04c1-424b-9868-57a2d4851a1d" relativeResultsDirectory="ae41d7d3-d9b5-40de-b431-df71a90b9c25" />
    <UnitTestResult executionId="5fd7bd15-90cc-417a-b1cc-f8ddd7ff54d1" testId="6a5be71c-854f-8905-e2e3-0a2056e6ef59" testName="OsLib.Tests.CloudStoragePathMechanicsTests.GetCloudStorageRoot_UsesConfiguredRoot_ForEachProvider(provider: Dropbox, dirName: &quot;DropboxRoot&quot;)" computerName="Nkosikazi" duration="00:00:00.0024772" startTime="2026-04-04T14:23:58.6061450-07:00" endTime="2026-04-04T14:23:58.6086500-07:00" testType="13cdc9d9-ddb5-4fa4-a97d-d965ccfc6d4b" outcome="Passed" testListId="8c84fa94-04c1-424b-9868-57a2d4851a1d" relativeResultsDirectory="5fd7bd15-90cc-417a-b1cc-f8ddd7ff54d1" />
    <UnitTestResult executionId="9860b238-8768-4e7b-bd54-b1d1a1f2ddfd" testId="f6b7719f-abfd-a625-063e-a85b6d50c38d" testName="OsLib.Tests.OsLibTests.RaiFileExtensions_MakePolicyCompliant_RemovesEmptyLines" computerName="Nkosikazi" duration="00:00:00.0005189" startTime="2026-04-04T14:23:59.4470250-07:00" endTime="2026-04-04T14:23:59.4475600-07:00" testType="13cdc9d9-ddb5-4fa4-a97d-d965ccfc6d4b" outcome="Passed" testListId="8c84fa94-04c1-424b-9868-57a2d4851a1d" relativeResultsDirectory="9860b238-8768-4e7b-bd54-b1d1a1f2ddfd" />
    <UnitTestResult executionId="9e033a57-766d-4abe-bd37-578046b058d9" testId="dbe763dd-06bf-cd28-fc01-a57dcd0000d1" testName="OsLib.Tests.CloudStorageConfigMechanicsTests.GetCloudStorageRoot_ReturnsConfiguredGoogleDrivePath" computerName="Nkosikazi" duration="00:00:00.0025856" startTime="2026-04-04T14:23:58.6358260-07:00" endTime="2026-04-04T14:23:58.6384420-07:00" testType="13cdc9d9-ddb5-4fa4-a97d-d965ccfc6d4b" outcome="Passed" testListId="8c84fa94-04c1-424b-9868-57a2d4851a1d" relativeResultsDirectory="9e033a57-766d-4abe-bd37-578046b058d9" />
    <UnitTestResult executionId="123425fc-1d7f-455d-b3e0-3c3dcd4e25fb" testId="4262c266-ef19-d1db-4a0d-02c03f2d7ef8" testName="OsLib.Tests.CloudStorageConfigMechanicsTests.GetCloudStorageRoot_ReturnsConfiguredDropboxPath" computerName="Nkosikazi" duration="00:00:00.0024830" startTime="2026-04-04T14:23:58.6538430-07:00" endTime="2026-04-04T14:23:58.6563550-07:00" testType="13cdc9d9-ddb5-4fa4-a97d-d965ccfc6d4b" outcome="Passed" testListId="8c84fa94-04c1-424b-9868-57a2d4851a1d" relativeResultsDirectory="123425fc-1d7f-455d-b3e0-3c3dcd4e25fb" />
    <UnitTestResult executionId="0c6f9345-95a0-47ed-9101-f19964da94e4" testId="6efff8c2-1da5-9d9a-d76f-03b53e286d1a" testName="OsLib.Tests.OsLibTests.Os_IsUnixLike_IsTrueForNonWindowsPlatforms" computerName="Nkosikazi" duration="00:00:00.0014850" startTime="2026-04-04T14:23:59.6917400-07:00" endTime="2026-04-04T14:23:59.6932470-07:00" testType="13cdc9d9-ddb5-4fa4-a97d-d965ccfc6d4b" outcome="Passed" testListId="8c84fa94-04c1-424b-9868-57a2d4851a1d" relativeResultsDirectory="0c6f9345-95a0-47ed-9101-f19964da94e4" />
    <UnitTestResult executionId="fd683833-e1e6-4964-bda7-0ca598c67a2d" testId="b6c4354f-cbdc-da59-14df-f8f41993a643" testName="OsLib.Tests.OsLibTests.RaiFile_Move_ReplaceFalse_ThrowsWhenDestinationExists" computerName="Nkosikazi" duration="00:00:00.0016149" startTime="2026-04-04T14:23:59.4416530-07:00" endTime="2026-04-04T14:23:59.4433040-07:00" testType="13cdc9d9-ddb5-4fa4-a97d-d965ccfc6d4b" outcome="Passed" testListId="8c84fa94-04c1-424b-9868-57a2d4851a1d" relativeResultsDirectory="fd683833-e1e6-4964-bda7-0ca598c67a2d" />
    <UnitTestResult executionId="eace0bac-428c-466d-a6aa-b05ad368c29a" testId="d3bc1c7e-cccf-6424-ac5f-69457357c551" testName="OsLib.Tests.OsLibTests.RaiFileExtensions_Singularize_CollapsesRepeatedChars" computerName="Nkosikazi" duration="00:00:00.0001086" startTime="2026-04-04T14:23:59.6936650-07:00" endTime="2026-04-04T14:23:59.6938150-07:00" testType="13cdc9d9-ddb5-4fa4-a97d-d965ccfc6d4b" outcome="Passed" testListId="8c84fa94-04c1-424b-9868-57a2d4851a1d" relativeResultsDirectory="eace0bac-428c-466d-a6aa-b05ad368c29a" />
    <UnitTestResult executionId="d67a46a4-749d-4673-9813-7dbb13671d33" testId="1fb77e4f-b39d-ef36-bb8f-819f46da53f8" testName="OsLib.Tests.CloudStorageAgreementMechanicsTests.CloudStorageRoot_ThrowsWithSetupGuidance_WhenNothingIsDiscovered" computerName="Nkosikazi" duration="00:00:00.0056822" startTime="2026-04-04T14:23:58.7107960-07:00" endTime="2026-04-04T14:23:58.7165130-07:00" testType="13cdc9d9-ddb5-4fa4-a97d-d965ccfc6d4b" outcome="Passed" testListId="8c84fa94-04c1-424b-9868-57a2d4851a1d" relativeResultsDirectory="d67a46a4-749d-4673-9813-7dbb13671d33" />
    <UnitTestResult executionId="49a770ea-f544-44b6-9e86-7aa263611e54" testId="fb86eba0-a9e5-baa1-a541-adec59ad5bbb" testName="OsLib.Tests.OsEnvironmentPathTests.UserHomeDir_FallsBackToUserProfileSpecialFolder_WhenPrimaryVariablesMissing" computerName="Nkosikazi" duration="00:00:00.0029279" startTime="2026-04-04T14:23:54.1828030-07:00" endTime="2026-04-04T14:23:54.1857790-07:00" testType="13cdc9d9-ddb5-4fa4-a97d-d965ccfc6d4b" outcome="Passed" testListId="8c84fa94-04c1-424b-9868-57a2d4851a1d" relativeResultsDirectory="49a770ea-f544-44b6-9e86-7aa263611e54" />
    <UnitTestResult executionId="1cd5eb06-436d-47ee-b125-3ff78664dace" testId="d06fc34f-b294-554d-8e9d-0181b1b3fd83" testName="OsLib.Tests.CloudStorageAgreementMechanicsTests.Backup_StripsConfiguredCloudRoot_FromBackupTargetPath(provider: OneDrive, rootName: &quot;OneDriveRoot&quot;)" computerName="Nkosikazi" duration="00:00:00.0038062" startTime="2026-04-04T14:23:58.6973170-07:00" endTime="2026-04-04T14:23:58.7011500-07:00" testType="13cdc9d9-ddb5-4fa4-a97d-d965ccfc6d4b" outcome="Passed" testListId="8c84fa94-04c1-424b-9868-57a2d4851a1d" relativeResultsDirectory="1cd5eb06-436d-47ee-b125-3ff78664dace" />
    <UnitTestResult executionId="60bcf5b1-979e-4d52-b6ea-3a7bda2543f9" testId="6a51b514-4eec-1ccd-39bf-46c1e84a22e2" testName="OsLib.Tests.OsLibTests.RaiPath_AppendsDirectorySeparator" computerName="Nkosikazi" duration="00:00:00.0000844" startTime="2026-04-04T14:23:59.4476690-07:00" endTime="2026-04-04T14:23:59.4477610-07:00" testType="13cdc9d9-ddb5-4fa4-a97d-d965ccfc6d4b" outcome="Passed" testListId="8c84fa94-04c1-424b-9868-57a2d4851a1d" relativeResultsDirectory="60bcf5b1-979e-4d52-b6ea-3a7bda2543f9" />
    <UnitTestResult executionId="b294e1b5-907b-47a0-8abf-c635d87961ee" testId="b0a1f01b-b17b-29a1-d836-893d9f0e8d2b" testName="OsLib.Tests.RCloneCommandTests.RCloneCommand_ProvidesInstallAndUpdateCommands" computerName="Nkosikazi" duration="00:00:00.0002929" startTime="2026-04-04T14:23:59.0654930-07:00" endTime="2026-04-04T14:23:59.0658100-07:00" testType="13cdc9d9-ddb5-4fa4-a97d-d965ccfc6d4b" outcome="Passed" testListId="8c84fa94-04c1-424b-9868-57a2d4851a1d" relativeResultsDirectory="b294e1b5-907b-47a0-8abf-c635d87961ee" />
  </Results>
  <TestDefinitions>
    <UnitTest name="OsLib.Tests.OsLibTests.RaiFileExtensions_MakePolicyCompliant_RemovesEmptyLines" storage="/users/rsb/projects/github/raikeep/oslib/oslib.tests/bin/debug/net10.0/oslib.tests.dll" id="f6b7719f-abfd-a625-063e-a85b6d50c38d">
      <Execution id="9860b238-8768-4e7b-bd54-b1d1a1f2ddfd" />
      <TestMethod codeBase="/Users/RSB/Projects/GitHub/RAIkeep/OsLib/OsLib.Tests/bin/Debug/net10.0/OsLib.Tests.dll" adapterTypeName="executor://xunit/VsTestRunner3/netcore/" className="OsLib.Tests.OsLibTests" name="RaiFileExtensions_MakePolicyCompliant_RemovesEmptyLines" />
    </UnitTest>
    <UnitTest name="OsLib.Tests.PathConventionsTests.RaiPath_Rmdir_RemovesDirectoryTree" storage="/users/rsb/projects/github/raikeep/oslib/oslib.tests/bin/debug/net10.0/oslib.tests.dll" id="9ce59075-3644-8347-fbb6-4ddf22089f9a">
      <Execution id="2a10f7e5-3593-401d-9710-65ad3499bd2f" />
      <TestMethod codeBase="/Users/RSB/Projects/GitHub/RAIkeep/OsLib/OsLib.Tests/bin/Debug/net10.0/OsLib.Tests.dll" adapterTypeName="executor://xunit/VsTestRunner3/netcore/" className="OsLib.Tests.PathConventionsTests" name="RaiPath_Rmdir_RemovesDirectoryTree" />
    </UnitTest>
    <UnitTest name="OsLib.Tests.OsConfigurationDiagnosticsTests.LoadConfig_MalformedConfig_LogsError_AndWritesStartupDiagnostic" storage="/users/rsb/projects/github/raikeep/oslib/oslib.tests/bin/debug/net10.0/oslib.tests.dll" id="75835183-a2e1-ba13-87ee-ef007b76b7e8">
      <Execution id="045f9ab7-a133-4bfd-93d0-a63a4c30461c" />
      <TestMethod codeBase="/Users/RSB/Projects/GitHub/RAIkeep/OsLib/OsLib.Tests/bin/Debug/net10.0/OsLib.Tests.dll" adapterTypeName="executor://xunit/VsTestRunner3/netcore/" className="OsLib.Tests.OsConfigurationDiagnosticsTests" name="LoadConfig_MalformedConfig_LogsError_AndWritesStartupDiagnostic" />
    </UnitTest>
    <UnitTest name="OsLib.Tests.OsLibTests.Os_DirSeparator_MatchesSystemDirectorySeparatorChar" storage="/users/rsb/projects/github/raikeep/oslib/oslib.tests/bin/debug/net10.0/oslib.tests.dll" id="22218a28-f810-9792-86e9-236a9e90efac">
      <Execution id="143d5bca-3009-4914-811b-09177dbefa90" />
      <TestMethod codeBase="/Users/RSB/Projects/GitHub/RAIkeep/OsLib/OsLib.Tests/bin/Debug/net10.0/OsLib.Tests.dll" adapterTypeName="executor://xunit/VsTestRunner3/netcore/" className="OsLib.Tests.OsLibTests" name="Os_DirSeparator_MatchesSystemDirectorySeparatorChar" />
    </UnitTest>
    <UnitTest name="OsLib.Tests.OsEnvironmentPathTests.UserHomeDir_FallsBackToUserProfileSpecialFolder_WhenPrimaryVariablesMissing" storage="/users/rsb/projects/github/raikeep/oslib/oslib.tests/bin/debug/net10.0/oslib.tests.dll" id="fb86eba0-a9e5-baa1-a541-adec59ad5bbb">
      <Execution id="49a770ea-f544-44b6-9e86-7aa263611e54" />
      <TestMethod codeBase="/Users/RSB/Projects/GitHub/RAIkeep/OsLib/OsLib.Tests/bin/Debug/net10.0/OsLib.Tests.dll" adapterTypeName="executor://xunit/VsTestRunner3/netcore/" className="OsLib.Tests.OsEnvironmentPathTests" name="UserHomeDir_FallsBackToUserProfileSpecialFolder_WhenPrimaryVariablesMissing" />
    </UnitTest>
    <UnitTest name="OsLib.Tests.CloudStorageRealWorldIntegrationTests.TextFile_SaveAndRead_WorksAgainstRealWritableCloudProvider(provider: OneDrive)" storage="/users/rsb/projects/github/raikeep/oslib/oslib.tests/bin/debug/net10.0/oslib.tests.dll" id="cda22968-3b18-8118-0efa-40330a4b9735">
      <Execution id="c542b076-2bc4-4c06-be7e-ac53cc0f719c" />
      <TestMethod codeBase="/Users/RSB/Projects/GitHub/RAIkeep/OsLib/OsLib.Tests/bin/Debug/net10.0/OsLib.Tests.dll" adapterTypeName="executor://xunit/VsTestRunner3/netcore/" className="OsLib.Tests.CloudStorageRealWorldIntegrationTests" name="TextFile_SaveAndRead_WorksAgainstRealWritableCloudProvider" />
    </UnitTest>
    <UnitTest name="OsLib.Tests.PathConventionsTests.CanonicalFile_RaiPathConstructor_WithNomsaNetDirectoryPathAndName_KeepsCanonicalByStem" storage="/users/rsb/projects/github/raikeep/oslib/oslib.tests/bin/debug/net10.0/oslib.tests.dll" id="d783a897-1023-6b45-408a-1293e3e98532">
      <Execution id="4b401d3a-29a9-48e8-b9e5-e4e463ec4b20" />
      <TestMethod codeBase="/Users/RSB/Projects/GitHub/RAIkeep/OsLib/OsLib.Tests/bin/Debug/net10.0/OsLib.Tests.dll" adapterTypeName="executor://xunit/VsTestRunner3/netcore/" className="OsLib.Tests.PathConventionsTests" name="CanonicalFile_RaiPathConstructor_WithNomsaNetDirectoryPathAndName_KeepsCanonicalByStem" />
    </UnitTest>
    <UnitTest name="OsLib.Tests.OsLibTests.RaiFileExtensions_Singularize_CollapsesRepeatedChars" storage="/users/rsb/projects/github/raikeep/oslib/oslib.tests/bin/debug/net10.0/oslib.tests.dll" id="d3bc1c7e-cccf-6424-ac5f-69457357c551">
      <Execution id="eace0bac-428c-466d-a6aa-b05ad368c29a" />
      <TestMethod codeBase="/Users/RSB/Projects/GitHub/RAIkeep/OsLib/OsLib.Tests/bin/Debug/net10.0/OsLib.Tests.dll" adapterTypeName="executor://xunit/VsTestRunner3/netcore/" className="OsLib.Tests.OsLibTests" name="RaiFileExtensions_Singularize_CollapsesRepeatedChars" />
    </UnitTest>
    <UnitTest name="OsLib.Tests.CloudStorageAgreementMechanicsTests.Backup_StripsConfiguredCloudRoot_FromBackupTargetPath(provider: GoogleDrive, rootName: &quot;GoogleDriveRoot&quot;)" storage="/users/rsb/projects/github/raikeep/oslib/oslib.tests/bin/debug/net10.0/oslib.tests.dll" id="81bc9b3f-b684-aab2-d31c-43ae7e7af9d1">
      <Execution id="15af8147-af95-40bd-9d93-18fe14a41137" />
      <TestMethod codeBase="/Users/RSB/Projects/GitHub/RAIkeep/OsLib/OsLib.Tests/bin/Debug/net10.0/OsLib.Tests.dll" adapterTypeName="executor://xunit/VsTestRunner3/netcore/" className="OsLib.Tests.CloudStorageAgreementMechanicsTests" name="Backup_StripsConfiguredCloudRoot_FromBackupTargetPath" />
    </UnitTest>
    <UnitTest name="OsLib.Tests.OsLibTests.RaiFile_Move_KeepBackup_CreatesBakFile" storage="/users/rsb/projects/github/raikeep/oslib/oslib.tests/bin/debug/net10.0/oslib.tests.dll" id="ea1cb55b-037b-271b-ed20-761b715aa28f">
      <Execution id="d64da7f6-44f4-43d6-93b0-0e786b93c1aa" />
      <TestMethod codeBase="/Users/RSB/Projects/GitHub/RAIkeep/OsLib/OsLib.Tests/bin/Debug/net10.0/OsLib.Tests.dll" adapterTypeName="executor://xunit/VsTestRunner3/netcore/" className="OsLib.Tests.OsLibTests" name="RaiFile_Move_KeepBackup_CreatesBakFile" />
    </UnitTest>
    <UnitTest name="OsLib.Tests.CloudRemoteSyncTests.TextFile_SyncsWithMzansi(provider: OneDrive)" storage="/users/rsb/projects/github/raikeep/oslib/oslib.tests/bin/debug/net10.0/oslib.tests.dll" id="4d82ee65-5101-6801-2157-5ed6cc882a7e">
      <Execution id="90fab821-9fea-4a8a-8b53-e4cd0c5a15e2" />
      <TestMethod codeBase="/Users/RSB/Projects/GitHub/RAIkeep/OsLib/OsLib.Tests/bin/Debug/net10.0/OsLib.Tests.dll" adapterTypeName="executor://xunit/VsTestRunner3/netcore/" className="OsLib.Tests.CloudRemoteSyncTests" name="TextFile_SyncsWithMzansi" />
    </UnitTest>
    <UnitTest name="OsLib.Tests.PathConventionsTests.CanonicalFile_AlreadyCanonical_StaysCanonical" storage="/users/rsb/projects/github/raikeep/oslib/oslib.tests/bin/debug/net10.0/oslib.tests.dll" id="b4d08c3f-fff6-c011-5159-978e587a238e">
      <Execution id="fd62de97-8eba-4e88-a4e7-cd341d3689c2" />
      <TestMethod codeBase="/Users/RSB/Projects/GitHub/RAIkeep/OsLib/OsLib.Tests/bin/Debug/net10.0/OsLib.Tests.dll" adapterTypeName="executor://xunit/VsTestRunner3/netcore/" className="OsLib.Tests.PathConventionsTests" name="CanonicalFile_AlreadyCanonical_StaysCanonical" />
    </UnitTest>
    <UnitTest name="OsLib.Tests.CloudStorageProviderPathTests.GetCloudStorageProviderForPath_ReturnsConfiguredProvider_ForConfiguredRoot(provider: GoogleDrive)" storage="/users/rsb/projects/github/raikeep/oslib/oslib.tests/bin/debug/net10.0/oslib.tests.dll" id="c3476069-d42c-8ce9-9175-7311c021f1a3">
      <Execution id="3756bf6a-7aba-48ba-ae69-6728681edf6a" />
      <TestMethod codeBase="/Users/RSB/Projects/GitHub/RAIkeep/OsLib/OsLib.Tests/bin/Debug/net10.0/OsLib.Tests.dll" adapterTypeName="executor://xunit/VsTestRunner3/netcore/" className="OsLib.Tests.CloudStorageProviderPathTests" name="GetCloudStorageProviderForPath_ReturnsConfiguredProvider_ForConfiguredRoot" />
    </UnitTest>
    <UnitTest name="OsLib.Tests.OsEnvironmentPathTests.GetObserverSshTarget_ReturnsConfiguredValue" storage="/users/rsb/projects/github/raikeep/oslib/oslib.tests/bin/debug/net10.0/oslib.tests.dll" id="bc231df1-38da-c9a3-d1d3-128baf0b01d7">
      <Execution id="59e560dc-2cda-4e6f-9797-df63395f650d" />
      <TestMethod codeBase="/Users/RSB/Projects/GitHub/RAIkeep/OsLib/OsLib.Tests/bin/Debug/net10.0/OsLib.Tests.dll" adapterTypeName="executor://xunit/VsTestRunner3/netcore/" className="OsLib.Tests.OsEnvironmentPathTests" name="GetObserverSshTarget_ReturnsConfiguredValue" />
    </UnitTest>
    <UnitTest name="OsLib.Tests.CloudStorageAgreementMechanicsTests.Backup_StripsConfiguredCloudRoot_FromBackupTargetPath(provider: Dropbox, rootName: &quot;DropboxRoot&quot;)" storage="/users/rsb/projects/github/raikeep/oslib/oslib.tests/bin/debug/net10.0/oslib.tests.dll" id="2115f127-2a28-e814-8015-88366dc9f383">
      <Execution id="bd38e4fc-ff0e-4868-9470-b682062c73cf" />
      <TestMethod codeBase="/Users/RSB/Projects/GitHub/RAIkeep/OsLib/OsLib.Tests/bin/Debug/net10.0/OsLib.Tests.dll" adapterTypeName="executor://xunit/VsTestRunner3/netcore/" className="OsLib.Tests.CloudStorageAgreementMechanicsTests" name="Backup_StripsConfiguredCloudRoot_FromBackupTargetPath" />
    </UnitTest>
    <UnitTest name="OsLib.Tests.RaiTildeResolutionTests.RaiFile_And_RaiPath_Parse_ConfigPath_From_RealHomeDirectory" storage="/users/rsb/projects/github/raikeep/oslib/oslib.tests/bin/debug/net10.0/oslib.tests.dll" id="f3314636-ba40-ff10-66dc-4667b9a0e08f">
      <Execution id="7c74de65-a3e3-4067-a8b7-06c9f93117e8" />
      <TestMethod codeBase="/Users/RSB/Projects/GitHub/RAIkeep/OsLib/OsLib.Tests/bin/Debug/net10.0/OsLib.Tests.dll" adapterTypeName="executor://xunit/VsTestRunner3/netcore/" className="OsLib.Tests.RaiTildeResolutionTests" name="RaiFile_And_RaiPath_Parse_ConfigPath_From_RealHomeDirectory" />
    </UnitTest>
    <UnitTest name="OsLib.Tests.PathConventionsTests.CanonicalFile_Appends_Folder" storage="/users/rsb/projects/github/raikeep/oslib/oslib.tests/bin/debug/net10.0/oslib.tests.dll" id="326cb4d6-640f-765c-a06f-d5ffef363b40">
      <Execution id="49c9fb19-8144-4c5e-88d0-cd7d83e46fa9" />
      <TestMethod codeBase="/Users/RSB/Projects/GitHub/RAIkeep/OsLib/OsLib.Tests/bin/Debug/net10.0/OsLib.Tests.dll" adapterTypeName="executor://xunit/VsTestRunner3/netcore/" className="OsLib.Tests.PathConventionsTests" name="CanonicalFile_Appends_Folder" />
    </UnitTest>
    <UnitTest name="OsLib.Tests.OsLibTests.RaiSystem_CommandAndArgsConstructor_SupportsExecutablePathsWithSpaces" storage="/users/rsb/projects/github/raikeep/oslib/oslib.tests/bin/debug/net10.0/oslib.tests.dll" id="9bcafa98-93a1-3881-e7ae-1a8e531de1d4">
[...]
    <TestEntry testId="5b02dbc8-33f7-dd84-8ca7-8041a40b9f89" executionId="9a083515-9cb9-4edb-a95d-abd6c5989abc" testListId="8c84fa94-04c1-424b-9868-57a2d4851a1d" />
    <TestEntry testId="584d6dba-5683-7644-306c-889dda640ecf" executionId="21182eb9-6afb-4482-bf30-a4ca8b3bdcb4" testListId="8c84fa94-04c1-424b-9868-57a2d4851a1d" />
    <TestEntry testId="f60aa75e-7e99-4ec5-5752-ef99f3565db2" executionId="273ac0ba-8297-46c0-81ae-4feeb93a64f2" testListId="8c84fa94-04c1-424b-9868-57a2d4851a1d" />
    <TestEntry testId="6cdf159c-709b-0253-e027-75b4eec896fc" executionId="7a1edc04-cec3-4eec-b68f-699f7888f131" testListId="8c84fa94-04c1-424b-9868-57a2d4851a1d" />
    <TestEntry testId="f5c8d428-6a62-0086-81ef-c0b6062c9675" executionId="a33fcdaa-2b43-4372-8eeb-ac00af84b6e4" testListId="8c84fa94-04c1-424b-9868-57a2d4851a1d" />
    <TestEntry testId="b1761c58-7432-5fac-d5d4-bb13675f8599" executionId="cfcf5d8f-1bcc-4633-b5b0-d9cb2c514788" testListId="8c84fa94-04c1-424b-9868-57a2d4851a1d" />
    <TestEntry testId="a76a427c-6bf5-3456-20b0-65fe7feb7306" executionId="e5f021e2-3f38-4a1d-9462-d0cc94869eb9" testListId="8c84fa94-04c1-424b-9868-57a2d4851a1d" />
    <TestEntry testId="5321433c-df8b-a603-8bc2-d2c07584f832" executionId="9b0ba705-45f7-4653-a76a-4efcc0838d76" testListId="8c84fa94-04c1-424b-9868-57a2d4851a1d" />
    <TestEntry testId="c73feca4-60d3-3e9b-c67b-9a78a975acfe" executionId="39616395-906f-4387-a963-023c73c6d3b7" testListId="8c84fa94-04c1-424b-9868-57a2d4851a1d" />
    <TestEntry testId="e23afbec-f41b-da6e-1c9d-ec86dfc74759" executionId="8e0f4c02-c7eb-4d63-a3f3-8ccc85ab338d" testListId="8c84fa94-04c1-424b-9868-57a2d4851a1d" />
    <TestEntry testId="29853f17-a202-80bb-ba8e-bbd3b96bd9a3" executionId="d7fa819b-a44a-4e79-afa5-328b4af3af5f" testListId="8c84fa94-04c1-424b-9868-57a2d4851a1d" />
    <TestEntry testId="4950f4c9-6919-200c-37ab-f44413171184" executionId="4b3be970-bb0e-415e-852c-1b440c700cdd" testListId="8c84fa94-04c1-424b-9868-57a2d4851a1d" />
    <TestEntry testId="75835183-a2e1-ba13-87ee-ef007b76b7e8" executionId="045f9ab7-a133-4bfd-93d0-a63a4c30461c" testListId="8c84fa94-04c1-424b-9868-57a2d4851a1d" />
    <TestEntry testId="88ecb67d-ef44-f83f-7b80-a0304d7f12ce" executionId="a9715967-ac40-467e-9aec-0acefcbafc95" testListId="8c84fa94-04c1-424b-9868-57a2d4851a1d" />
    <TestEntry testId="e9397004-121c-721b-d7a1-afca06b505f1" executionId="0f27ae62-e168-4eec-aba4-51a98fcdee43" testListId="8c84fa94-04c1-424b-9868-57a2d4851a1d" />
    <TestEntry testId="ccaeef4d-d3fd-c0d7-c533-65fcce42f954" executionId="24939cef-fe17-4d5d-bff9-47919a223988" testListId="8c84fa94-04c1-424b-9868-57a2d4851a1d" />
    <TestEntry testId="6e0c8aff-a43e-bac6-ce2d-47b8ac5a33a7" executionId="6edb2a87-c2dc-4036-9820-96b0ed944021" testListId="8c84fa94-04c1-424b-9868-57a2d4851a1d" />
    <TestEntry testId="c7a7165a-ecdc-e7ff-3fb3-23e0ab3cb3f4" executionId="4da8f0b5-7501-4e97-87b7-eaf7ca6b7014" testListId="8c84fa94-04c1-424b-9868-57a2d4851a1d" />
    <TestEntry testId="7099dd52-6619-bcbb-952f-09e176ed4eb2" executionId="2e940431-f9ec-4f18-8dbd-f91ee22f42d1" testListId="8c84fa94-04c1-424b-9868-57a2d4851a1d" />
    <TestEntry testId="cda22968-3b18-8118-0efa-40330a4b9735" executionId="c542b076-2bc4-4c06-be7e-ac53cc0f719c" testListId="8c84fa94-04c1-424b-9868-57a2d4851a1d" />
    <TestEntry testId="326cb4d6-640f-765c-a06f-d5ffef363b40" executionId="49c9fb19-8144-4c5e-88d0-cd7d83e46fa9" testListId="8c84fa94-04c1-424b-9868-57a2d4851a1d" />
    <TestEntry testId="7e60f349-578f-21f5-e240-604be0d61927" executionId="65cf3088-19c3-438a-abaf-e8e22bb77cd2" testListId="8c84fa94-04c1-424b-9868-57a2d4851a1d" />
    <TestEntry testId="93561357-53c1-5ac1-36a3-d861d09b3533" executionId="74eeddb7-c880-4e76-ae37-acefb69027f2" testListId="8c84fa94-04c1-424b-9868-57a2d4851a1d" />
    <TestEntry testId="bbe2f916-15d4-bf01-8dee-4e4f05410be5" executionId="6c51b463-405d-443a-a29b-d70a02e178ce" testListId="8c84fa94-04c1-424b-9868-57a2d4851a1d" />
    <TestEntry testId="20e134b6-c398-88d3-7c1e-c088295b0c27" executionId="38eb0f63-23b8-4967-8e75-3aa40a4e76be" testListId="8c84fa94-04c1-424b-9868-57a2d4851a1d" />
    <TestEntry testId="25c23c44-665f-84c6-2ef0-5da891c0eede" executionId="75c7d296-6c4b-4f51-8cb0-9848612777c1" testListId="8c84fa94-04c1-424b-9868-57a2d4851a1d" />
    <TestEntry testId="fe15385a-85a9-554d-f24d-5c6377934e96" executionId="5ba97184-14d6-4567-b2a4-91f60558ed15" testListId="8c84fa94-04c1-424b-9868-57a2d4851a1d" />
    <TestEntry testId="8bc870f1-6d35-f32b-27a9-b4a36aa2ff8f" executionId="ae41d7d3-d9b5-40de-b431-df71a90b9c25" testListId="8c84fa94-04c1-424b-9868-57a2d4851a1d" />
    <TestEntry testId="6a5be71c-854f-8905-e2e3-0a2056e6ef59" executionId="5fd7bd15-90cc-417a-b1cc-f8ddd7ff54d1" testListId="8c84fa94-04c1-424b-9868-57a2d4851a1d" />
    <TestEntry testId="f6b7719f-abfd-a625-063e-a85b6d50c38d" executionId="9860b238-8768-4e7b-bd54-b1d1a1f2ddfd" testListId="8c84fa94-04c1-424b-9868-57a2d4851a1d" />
    <TestEntry testId="dbe763dd-06bf-cd28-fc01-a57dcd0000d1" executionId="9e033a57-766d-4abe-bd37-578046b058d9" testListId="8c84fa94-04c1-424b-9868-57a2d4851a1d" />
    <TestEntry testId="4262c266-ef19-d1db-4a0d-02c03f2d7ef8" executionId="123425fc-1d7f-455d-b3e0-3c3dcd4e25fb" testListId="8c84fa94-04c1-424b-9868-57a2d4851a1d" />
    <TestEntry testId="6efff8c2-1da5-9d9a-d76f-03b53e286d1a" executionId="0c6f9345-95a0-47ed-9101-f19964da94e4" testListId="8c84fa94-04c1-424b-9868-57a2d4851a1d" />
    <TestEntry testId="b6c4354f-cbdc-da59-14df-f8f41993a643" executionId="fd683833-e1e6-4964-bda7-0ca598c67a2d" testListId="8c84fa94-04c1-424b-9868-57a2d4851a1d" />
    <TestEntry testId="d3bc1c7e-cccf-6424-ac5f-69457357c551" executionId="eace0bac-428c-466d-a6aa-b05ad368c29a" testListId="8c84fa94-04c1-424b-9868-57a2d4851a1d" />
    <TestEntry testId="1fb77e4f-b39d-ef36-bb8f-819f46da53f8" executionId="d67a46a4-749d-4673-9813-7dbb13671d33" testListId="8c84fa94-04c1-424b-9868-57a2d4851a1d" />
    <TestEntry testId="fb86eba0-a9e5-baa1-a541-adec59ad5bbb" executionId="49a770ea-f544-44b6-9e86-7aa263611e54" testListId="8c84fa94-04c1-424b-9868-57a2d4851a1d" />
    <TestEntry testId="d06fc34f-b294-554d-8e9d-0181b1b3fd83" executionId="1cd5eb06-436d-47ee-b125-3ff78664dace" testListId="8c84fa94-04c1-424b-9868-57a2d4851a1d" />
    <TestEntry testId="6a51b514-4eec-1ccd-39bf-46c1e84a22e2" executionId="60bcf5b1-979e-4d52-b6ea-3a7bda2543f9" testListId="8c84fa94-04c1-424b-9868-57a2d4851a1d" />
    <TestEntry testId="b0a1f01b-b17b-29a1-d836-893d9f0e8d2b" executionId="b294e1b5-907b-47a0-8abf-c635d87961ee" testListId="8c84fa94-04c1-424b-9868-57a2d4851a1d" />
  </TestEntries>
  <TestLists>
    <TestList name="Results Not in a List" id="8c84fa94-04c1-424b-9868-57a2d4851a1d" />
    <TestList name="All Loaded Results" id="19431567-8539-422a-85d7-44ee4e166bda" />
  </TestLists>
  <ResultSummary outcome="Failed">
    <Counters total="122" executed="122" passed="121" failed="1" error="0" timeout="0" aborted="0" inconclusive="0" passedButRunAborted="0" notRunnable="0" notExecuted="0" disconnected="0" warning="0" completed="0" inProgress="0" pending="0" />
    <Output>
      <StdOut>[xUnit.net 00:00:00.00] xUnit.net VSTest Adapter v3.1.5+1b188a7b0a (64-bit .NET 10.0.2)
[xUnit.net 00:00:00.14]   Discovering: OsLib.Tests
[xUnit.net 00:00:00.33]   Discovered:  OsLib.Tests
[xUnit.net 00:00:00.53]   Starting:    OsLib.Tests
Config file missing at /var/folders/x7/nlvcj1dj0h74d95yfj3hw3w80000gp/T/RAIkeep/oslib-tests/env-paths/TempDir_MatchesSystemTempPath_WhenNotConfigured/home/.config/RAIkeep/osconfig.json5. Startup continues in degraded mode.
Config file missing at /var/folders/x7/nlvcj1dj0h74d95yfj3hw3w80000gp/T/RAIkeep/oslib-tests/env-paths/ConfiguredOnlyCloudResolution_DoesNotCreateMissingConfigFile/home/.config/RAIkeep/osconfig.json5. Startup continues in degraded mode.
Config file missing at /var/folders/x7/nlvcj1dj0h74d95yfj3hw3w80000gp/T/RAIkeep/oslib-tests/env-paths/LocalBackupDir_ExpandsTildeConfigValue_ToHomeDirectory/home/.config/RAIkeep/osconfig.json5. Startup continues in degraded mode.
Config file missing at /var/folders/x7/nlvcj1dj0h74d95yfj3hw3w80000gp/T/RAIkeep/oslib-tests/env-paths/LocalBackupDir_DefaultResolution_IsRooted_AndNotCloudBacked/home/.config/RAIkeep/osconfig.json5. Startup continues in degraded mode.
Config file missing at /var/folders/x7/nlvcj1dj0h74d95yfj3hw3w80000gp/T/RAIkeep/oslib-tests/env-paths/GetDefaultConfigPath_UsesConfiguredOverride_WhenPresent/home/.config/RAIkeep/osconfig.json5. Startup continues in degraded mode.
Config file missing at /var/folders/x7/nlvcj1dj0h74d95yfj3hw3w80000gp/T/RAIkeep/oslib-tests/env-paths/LocalBackupDir_PrefersConfiguredValue_OverLocalApplicationDataCandidate/home/.config/RAIkeep/osconfig.json5. Startup continues in degraded mode.
Config file missing at /var/folders/x7/nlvcj1dj0h74d95yfj3hw3w80000gp/T/RAIkeep/oslib-tests/env-paths/GetObserverSshTarget_ReturnsConfiguredValue/home/.config/RAIkeep/osconfig.json5. Startup continues in degraded mode.
Config file missing at /var/folders/x7/nlvcj1dj0h74d95yfj3hw3w80000gp/T/RAIkeep/oslib-tests/env-paths/LocalBackupDir_ReevaluatesAfterExplicitReload_WhenConfigChanges/home/.config/RAIkeep/osconfig.json5. Startup continues in degraded mode.
Config file missing at /var/folders/x7/nlvcj1dj0h74d95yfj3hw3w80000gp/T/RAIkeep/oslib-tests/env-paths/LoadConfig_UsesUpdatedDefaultConfigPath_AfterEnvironmentSwitch/first/home/.config/RAIkeep/osconfig.json5. Startup continues in degraded mode.
Config file missing at /var/folders/x7/nlvcj1dj0h74d95yfj3hw3w80000gp/T/RAIkeep/oslib-tests/env-paths/LoadConfig_UsesUpdatedDefaultConfigPath_AfterEnvironmentSwitch/second/home/.config/RAIkeep/osconfig.json5. Startup continues in degraded mode.
Config file missing at /var/folders/x7/nlvcj1dj0h74d95yfj3hw3w80000gp/T/RAIkeep/oslib-tests/env-paths/GetObserverSshTarget_ThrowsWhenObserverNotConfigured/home/.config/RAIkeep/osconfig.json5. Startup continues in degraded mode.
Config file missing at /var/folders/x7/nlvcj1dj0h74d95yfj3hw3w80000gp/T/RAIkeep/oslib-tests/env-paths/GetObserverSshTarget_ReadsFromUpdatedConfig_AfterEnvironmentSwitch/first/home/.config/RAIkeep/osconfig.json5. Startup continues in degraded mode.
Config file missing at /var/folders/x7/nlvcj1dj0h74d95yfj3hw3w80000gp/T/RAIkeep/oslib-tests/env-paths/GetObserverSshTarget_ReadsFromUpdatedConfig_AfterEnvironmentSwitch/second/home/.config/RAIkeep/osconfig.json5. Startup continues in degraded mode.
Config file missing at /var/folders/x7/nlvcj1dj0h74d95yfj3hw3w80000gp/T/RAIkeep/oslib-tests/cloud-providers/RaiFile_CloudFlag_DetectsFilesUnderConfiguredProvider/home/.config/RAIkeep/osconfig.json5. Startup continues in degraded mode.
Config file missing at /var/folders/x7/nlvcj1dj0h74d95yfj3hw3w80000gp/T/RAIkeep/oslib-tests/cloud-providers/RaiFile_CloudFlag_DetectsFilesUnderConfiguredProvider/home/.config/RAIkeep/osconfig.json5. Startup continues in degraded mode.
Config file missing at /var/folders/x7/nlvcj1dj0h74d95yfj3hw3w80000gp/T/RAIkeep/oslib-tests/cloud-providers/RaiFile_CloudFlag_DetectsFilesUnderConfiguredProvider/home/.config/RAIkeep/osconfig.json5. Startup continues in degraded mode.
Config file missing at /var/folders/x7/nlvcj1dj0h74d95yfj3hw3w80000gp/T/RAIkeep/oslib-tests/cloud-providers/GetCloudStorageProviderForPath_ReturnsConfiguredProvider_ForEachProvider/home/.config/RAIkeep/osconfig.json5. Startup continues in degraded mode.
Config file missing at /var/folders/x7/nlvcj1dj0h74d95yfj3hw3w80000gp/T/RAIkeep/oslib-tests/cloud-providers/GetCloudStorageProviderForPath_ReturnsConfiguredProvider_ForEachProvider/home/.config/RAIkeep/osconfig.json5. Startup continues in degraded mode.
Config file missing at /var/folders/x7/nlvcj1dj0h74d95yfj3hw3w80000gp/T/RAIkeep/oslib-tests/cloud-providers/GetCloudStorageProviderForPath_ReturnsConfiguredProvider_ForEachProvider/home/.config/RAIkeep/osconfig.json5. Startup continues in degraded mode.
Config file missing at /var/folders/x7/nlvcj1dj0h74d95yfj3hw3w80000gp/T/RAIkeep/oslib-tests/cloud-providers/GetCloudStorageRoot_UsesConfiguredRoot_ForEachProvider/home/.config/RAIkeep/osconfig.json5. Startup continues in degraded mode.
Config file missing at /var/folders/x7/nlvcj1dj0h74d95yfj3hw3w80000gp/T/RAIkeep/oslib-tests/cloud-providers/GetCloudStorageRoot_UsesConfiguredRoot_ForEachProvider/home/.config/RAIkeep/osconfig.json5. Startup continues in degraded mode.
Config file missing at /var/folders/x7/nlvcj1dj0h74d95yfj3hw3w80000gp/T/RAIkeep/oslib-tests/cloud-providers/GetCloudStorageRoot_UsesConfiguredRoot_ForEachProvider/home/.config/RAIkeep/osconfig.json5. Startup continues in degraded mode.
Config file missing at /var/folders/x7/nlvcj1dj0h74d95yfj3hw3w80000gp/T/RAIkeep/oslib-tests/cloud-config/LoadConfig_DoesNotCreateConfigFile_WhenMissing_AndReturnsFallbackDefaults/home/.config/RAIkeep/osconfig.json5. Startup continues in degraded mode.
Config file missing at /var/folders/x7/nlvcj1dj0h74d95yfj3hw3w80000gp/T/RAIkeep/oslib-tests/cloud-config/GetCloudStorageRoot_ReturnsConfiguredGoogleDrivePath/home/.config/RAIkeep/osconfig.json5. Startup continues in degraded mode.
Config file missing at /var/folders/x7/nlvcj1dj0h74d95yfj3hw3w80000gp/T/RAIkeep/oslib-tests/cloud-config/GetCloudStorageRoots_LoadsDefaultUserConfigLocation/home/.config/RAIkeep/osconfig.json5. Startup continues in degraded mode.
Config file missing at /var/folders/x7/nlvcj1dj0h74d95yfj3hw3w80000gp/T/RAIkeep/oslib-tests/cloud-config/GetCloudStorageRoots_PrefersConfiguredProviderValue_WithoutProbeFallback/home/.config/RAIkeep/osconfig.json5. Startup continues in degraded mode.
Config file missing at /var/folders/x7/nlvcj1dj0h74d95yfj3hw3w80000gp/T/RAIkeep/oslib-tests/cloud-config/GetCloudStorageRoots_PrefersConfiguredProviderValue_WithoutProbeFallback/home/.config/RAIkeep/osconfig.json5. Startup continues in degraded mode.
Config file missing at /var/folders/x7/nlvcj1dj0h74d95yfj3hw3w80000gp/T/RAIkeep/oslib-tests/cloud-config/LoadConfig_LoadsConfiguredJsonConfiguration/home/.config/RAIkeep/osconfig.json5. Startup continues in degraded mode.
Config file missing at /var/folders/x7/nlvcj1dj0h74d95yfj3hw3w80000gp/T/RAIkeep/oslib-tests/cloud-config/GetCloudStorageRoot_ReturnsConfiguredDropboxPath/home/.config/RAIkeep/osconfig.json5. Startup continues in degraded mode.
Config file missing at /var/folders/x7/nlvcj1dj0h74d95yfj3hw3w80000gp/T/RAIkeep/oslib-tests/cloud-config/GetCloudStorageRoots_DoesNotOverwriteExistingDefaultUserConfigFile/home/.config/RAIkeep/osconfig.json5. Startup continues in degraded mode.
Config file missing at /var/folders/x7/nlvcj1dj0h74d95yfj3hw3w80000gp/T/RAIkeep/oslib-tests/cloud-config/GetPreferredCloudStorageRoot_RespectsPreferredOrder/home/.config/RAIkeep/osconfig.json5. Startup continues in degraded mode.
Config file missing at /var/folders/x7/nlvcj1dj0h74d95yfj3hw3w80000gp/T/RAIkeep/oslib-tests/cloud-config/GetCloudStorageRoots_UsesConfiguredRoots_FromConfig/home/.config/RAIkeep/osconfig.json5. Startup continues in degraded mode.
Config file missing at /var/folders/x7/nlvcj1dj0h74d95yfj3hw3w80000gp/T/RAIkeep/oslib-tests/os-diagnostics/LocalBackupDir_FallsBackWithLogWarning_ButNoConsole_WhenConfigIsValid/home/.config/RAIkeep/osconfig.json5. Startup continues in degraded mode.
Config file missing at /var/folders/x7/nlvcj1dj0h74d95yfj3hw3w80000gp/T/RAIkeep/oslib-tests/os-diagnostics/LoadConfig_MalformedConfig_LogsError_AndWritesStartupDiagnostic/home/.config/RAIkeep/osconfig.json5. Startup continues in degraded mode.
Config file missing at /var/folders/x7/nlvcj1dj0h74d95yfj3hw3w80000gp/T/RAIkeep/oslib-tests/os-diagnostics/CloudStorageRootDir_WhenUnavailable_LogsError_AndWritesStartupDiagnostic/home/.config/RAIkeep/osconfig.json5. Startup continues in degraded mode.
Config file missing at /var/folders/x7/nlvcj1dj0h74d95yfj3hw3w80000gp/T/RAIkeep/oslib-tests/os-diagnostics/TempDir_FallsBackWithLogWarning_ButNoConsole_WhenConfigIsValid/home/.config/RAIkeep/osconfig.json5. Startup continues in degraded mode.
Config file missing at /var/folders/x7/nlvcj1dj0h74d95yfj3hw3w80000gp/T/RAIkeep/oslib-tests/cloud-agreement/Backup_StripsConfiguredCloudRoot_FromBackupTargetPath/home/.config/RAIkeep/osconfig.json5. Startup continues in degraded mode.
Config file missing at /var/folders/x7/nlvcj1dj0h74d95yfj3hw3w80000gp/T/RAIkeep/oslib-tests/cloud-agreement/Backup_StripsConfiguredCloudRoot_FromBackupTargetPath/home/.config/RAIkeep/osconfig.json5. Startup continues in degraded mode.
Config file missing at /var/folders/x7/nlvcj1dj0h74d95yfj3hw3w80000gp/T/RAIkeep/oslib-tests/cloud-agreement/Backup_StripsConfiguredCloudRoot_FromBackupTargetPath/home/.config/RAIkeep/osconfig.json5. Startup continues in degraded mode.
Config file missing at /var/folders/x7/nlvcj1dj0h74d95yfj3hw3w80000gp/T/RAIkeep/oslib-tests/cloud-agreement/LocalBackupDir_RejectsCloudBackedConfiguredValue/home/.config/RAIkeep/osconfig.json5. Startup continues in degraded mode.
Config file missing at /var/folders/x7/nlvcj1dj0h74d95yfj3hw3w80000gp/T/RAIkeep/oslib-tests/cloud-agreement/GetCloudStorageRoots_UsesConfiguredDefaultUserConfig/home/.config/RAIkeep/osconfig.json5. Startup continues in degraded mode.
Config file missing at /var/folders/x7/nlvcj1dj0h74d95yfj3hw3w80000gp/T/RAIkeep/oslib-tests/cloud-agreement/CloudStorageRoot_ThrowsWithSetupGuidance_WhenNothingIsDiscovered/home/.config/RAIkeep/osconfig.json5. Startup continues in degraded mode.
No cloud storage root could be discovered. Configure Os.Config in /var/folders/x7/nlvcj1dj0h74d95yfj3hw3w80000gp/T/RAIkeep/oslib-tests/cloud-agreement/CloudStorageRoot_ThrowsWithSetupGuidance_WhenNothingIsDiscovered/home/.config/RAIkeep/osconfig.json5. See OsLib/CLOUD_STORAGE_DISCOVERY.md Startup continues in degraded mode.
Config file missing at /var/folders/x7/nlvcj1dj0h74d95yfj3hw3w80000gp/T/RAIkeep/oslib-tests/cloud-agreement/GetCloudStorageRoots_ProbesHomeOneDriveVariants_OnUnix/home/.config/RAIkeep/osconfig.json5. Startup continues in degraded mode.
Config file missing at /var/folders/x7/nlvcj1dj0h74d95yfj3hw3w80000gp/T/RAIkeep/oslib-tests/cloud-agreement/CloudStorageRoot_UsesDocumentedDefaultOrder_ForConfiguredRoots/home/.config/RAIkeep/osconfig.json5. Startup continues in degraded mode.
Config file missing at /var/folders/x7/nlvcj1dj0h74d95yfj3hw3w80000gp/T/RAIkeep/oslib-tests/cloud-agreement/Backup_PreservesExistingLocalPathShaping_ForNonCloudFiles/home/.config/RAIkeep/osconfig.json5. Startup continues in degraded mode.
Config file missing at /var/folders/x7/nlvcj1dj0h74d95yfj3hw3w80000gp/T/RAIkeep/oslib-tests/cloud-agreement/LocalBackupDir_UsesExplicitNonCloudConfigValue/home/.config/RAIkeep/osconfig.json5. Startup continues in degraded mode.
[xUnit.net 00:03:45.83]       Assert.Equal() Failure: Strings differ
[xUnit.net 00:03:45.83]                  ↓ (pos 0)
[xUnit.net 00:03:45.83]       Expected: "~/temp/"
[xUnit.net 00:03:45.83]       Actual:   "/tmp/RAIkeep/"
[xUnit.net 00:03:45.83]                  ↑ (pos 0)
[xUnit.net 00:03:45.83]       Stack Trace:
[xUnit.net 00:03:45.83]         /Users/RSB/Projects/GitHub/RAIkeep/OsLib/OsLib.Tests/RemoteSshRealEnvironmentTests.cs(27,0): at OsLib.Tests.RemoteSshRealEnvironmentTests.Mzansi_RemoteConfig_Matches_Blueprint_When_Observer_Is_Configured()
[xUnit.net 00:03:45.83]            at System.Reflection.MethodBaseInvoker.InterpretedInvoke_Method(Object obj, IntPtr* args)
[xUnit.net 00:03:45.83]            at System.Reflection.MethodBaseInvoker.InvokeWithNoArgs(Object obj, BindingFlags invokeAttr)
[xUnit.net 00:03:46.32]   Finished:    OsLib.Tests (ID = 'ad732328d936780a2442b2ffc1becaef8267e78e9e18e4270fa4c14010b28e18')
</StdOut>
    </Output>
    <RunInfos>
      <RunInfo computerName="Nkosikazi" outcome="Error" timestamp="2026-04-04T14:23:59.3728690-07:00">
        <Text>[xUnit.net 00:03:45.83]     OsLib.Tests.RemoteSshRealEnvironmentTests.Mzansi_RemoteConfig_Matches_Blueprint_When_Observer_Is_Configured [FAIL]</Text>
      </RunInfo>
    </RunInfos>
  </ResultSummary>
</TestRun>